<?xml version="1.0" encoding="utf-8"?>
<test-run id="2" testcasecount="287" result="Failed(Child)" total="287" passed="270" failed="17" inconclusive="0" skipped="0" asserts="0" engine-version="3.5.0.0" clr-version="4.0.30319.42000" start-time="2026-07-13 16:36:17Z" end-time="2026-07-13 16:36:26Z" duration="8.8285114">
  <test-suite type="TestSuite" id="1368" name="AttackOnRasshiine" fullname="AttackOnRasshiine" runstate="Runnable" testcasecount="287" result="Failed" site="Child" start-time="2026-07-13 16:36:17Z" end-time="2026-07-13 16:36:26Z" duration="8.828511" total="287" passed="270" failed="17" inconclusive="0" skipped="0" asserts="0">
    <properties>
      <property name="platform" value="EditMode" />
    </properties>
    <failure>
      <message><![CDATA[One or more child tests had errors]]></message>
    </failure>
    <test-suite type="Assembly" id="1356" name="Assembly-CSharp-Editor.dll" fullname="/Users/atsushi/Desktop/projects/AttackOnRasshiine/five/AttackOnRasshiine/Library/ScriptAssemblies/Assembly-CSharp-Editor.dll" runstate="Runnable" testcasecount="287" result="Failed" site="Child" start-time="2026-07-13 16:36:17Z" end-time="2026-07-13 16:36:26Z" duration="8.820930" total="287" passed="270" failed="17" inconclusive="0" skipped="0" asserts="0">
      <properties>
        <property name="_PID" value="58832" />
        <property name="_APPDOMAIN" value="Unity Child Domain" />
        <property name="platform" value="EditMode" />
        <property name="EditorOnly" value="True" />
      </properties>
      <failure>
        <message><![CDATA[One or more child tests had errors]]></message>
      </failure>
      <test-suite type="TestSuite" id="1357" name="AttackOnRasshiine" fullname="AttackOnRasshiine" runstate="Runnable" testcasecount="287" result="Failed" site="Child" start-time="2026-07-13 16:36:17Z" end-time="2026-07-13 16:36:26Z" duration="8.818941" total="287" passed="270" failed="17" inconclusive="0" skipped="0" asserts="0">
        <properties />
        <failure>
          <message><![CDATA[One or more child tests had errors]]></message>
        </failure>
        <test-suite type="TestSuite" id="1359" name="Editor" fullname="AttackOnRasshiine.Editor" runstate="Runnable" testcasecount="280" result="Failed" site="Child" start-time="2026-07-13 16:36:17Z" end-time="2026-07-13 16:36:26Z" duration="8.806820" total="280" passed="263" failed="17" inconclusive="0" skipped="0" asserts="0">
          <properties />
          <failure>
            <message><![CDATA[One or more child tests had errors]]></message>
          </failure>
          <test-suite type="TestFixture" id="1010" name="AchievementApprovalEditModeTests" fullname="AttackOnRasshiine.Editor.AchievementApprovalEditModeTests" classname="AttackOnRasshiine.Editor.AchievementApprovalEditModeTests" runstate="Runnable" testcasecount="7" result="Passed" start-time="2026-07-13 16:36:17Z" end-time="2026-07-13 16:36:17Z" duration="0.027929" total="7" passed="7" failed="0" inconclusive="0" skipped="0" asserts="0">
            <properties />
            <test-case id="1015" name="ApplySnapshotGrantsApprovedAchievementRewardsOnce" fullname="AttackOnRasshiine.Editor.AchievementApprovalEditModeTests.ApplySnapshotGrantsApprovedAchievementRewardsOnce" methodname="ApplySnapshotGrantsApprovedAchievementRewardsOnce" classname="AttackOnRasshiine.Editor.AchievementApprovalEditModeTests" runstate="Runnable" seed="1873616125" result="Passed" start-time="2026-07-13 16:36:17Z" end-time="2026-07-13 16:36:17Z" duration="0.013463" asserts="0">
              <properties>
                <property name="retryIteration" value="0" />
                <property name="repeatIteration" value="0" />
              </properties>
            </test-case>
            <test-case id="1017" name="MemberCannotApproveAchievement" fullname="AttackOnRasshiine.Editor.AchievementApprovalEditModeTests.MemberCannotApproveAchievement" methodname="MemberCannotApproveAchievement" classname="AttackOnRasshiine.Editor.AchievementApprovalEditModeTests" runstate="Runnable" seed="1248660045" result="Passed" start-time="2026-07-13 16:36:17Z" end-time="2026-07-13 16:36:17Z" duration="0.002790" asserts="0">
              <properties>
                <property name="retryIteration" value="0" />
                <property name="repeatIteration" value="0" />
              </properties>
            </test-case>
            <test-case id="1011" name="MemberCanSubmitAchievementAsPending" fullname="AttackOnRasshiine.Editor.AchievementApprovalEditModeTests.MemberCanSubmitAchievementAsPending" methodname="MemberCanSubmitAchievementAsPending" classname="AttackOnRasshiine.Editor.AchievementApprovalEditModeTests" runstate="Runnable" seed="1230969547" result="Passed" start-time="2026-07-13 16:36:17Z" end-time="2026-07-13 16:36:17Z" duration="0.001267" asserts="0">
              <properties>
                <property name="retryIteration" value="0" />
                <property name="repeatIteration" value="0" />
              </properties>
            </test-case>
            <test-case id="1012" name="MentorApprovalUnlocksRewardAndWritesAuditLog" fullname="AttackOnRasshiine.Editor.AchievementApprovalEditModeTests.MentorApprovalUnlocksRewardAndWritesAuditLog" methodname="MentorApprovalUnlocksRewardAndWritesAuditLog" classname="AttackOnRasshiine.Editor.AchievementApprovalEditModeTests" runstate="Runnable" seed="2103357733" result="Passed" start-time="2026-07-13 16:36:17Z" end-time="2026-07-13 16:36:17Z" duration="0.002005" asserts="0">
              <properties>
                <property name="retryIteration" value="0" />
                <property name="repeatIteration" value="0" />
              </properties>
            </test-case>
            <test-case id="1016" name="MentorRejectionWritesAuditLogWithoutReward" fullname="AttackOnRasshiine.Editor.AchievementApprovalEditModeTests.MentorRejectionWritesAuditLogWithoutReward" methodname="MentorRejectionWritesAuditLogWithoutReward" classname="AttackOnRasshiine.Editor.AchievementApprovalEditModeTests" runstate="Runnable" seed="2077123533" result="Passed" start-time="2026-07-13 16:36:17Z" end-time="2026-07-13 16:36:17Z" duration="0.000487" asserts="0">
              <properties>
                <property name="retryIteration" value="0" />
                <property name="repeatIteration" value="0" />
              </properties>
            </test-case>
            <test-case id="1014" name="ReapprovingAlreadyApprovedAchievementRepairsMissingRewards" fullname="AttackOnRasshiine.Editor.AchievementApprovalEditModeTests.ReapprovingAlreadyApprovedAchievementRepairsMissingRewards" methodname="ReapprovingAlreadyApprovedAchievementRepairsMissingRewards" classname="AttackOnRasshiine.Editor.AchievementApprovalEditModeTests" runstate="Runnable" seed="966643388" result="Passed" start-time="2026-07-13 16:36:17Z" end-time="2026-07-13 16:36:17Z" duration="0.000272" asserts="0">
              <properties>
                <property name="retryIteration" value="0" />
                <property name="repeatIteration" value="0" />
              </properties>
            </test-case>
            <test-case id="1013" name="RepeatedApprovalDoesNotDuplicateRewardsOrAuditLogs" fullname="AttackOnRasshiine.Editor.AchievementApprovalEditModeTests.RepeatedApprovalDoesNotDuplicateRewardsOrAuditLogs" methodname="RepeatedApprovalDoesNotDuplicateRewardsOrAuditLogs" classname="AttackOnRasshiine.Editor.AchievementApprovalEditModeTests" runstate="Runnable" seed="521889260" result="Passed" start-time="2026-07-13 16:36:17Z" end-time="2026-07-13 16:36:17Z" duration="0.000193" asserts="0">
              <properties>
                <property name="retryIteration" value="0" />
                <property name="repeatIteration" value="0" />
              </properties>
            </test-case>
          </test-suite>
          <test-suite type="TestFixture" id="1018" name="AiEvaluationFailureEditModeTests" fullname="AttackOnRasshiine.Editor.AiEvaluationFailureEditModeTests" classname="AttackOnRasshiine.Editor.AiEvaluationFailureEditModeTests" runstate="Runnable" testcasecount="3" result="Passed" start-time="2026-07-13 16:36:17Z" end-time="2026-07-13 16:36:17Z" duration="0.007355" total="3" passed="3" failed="0" inconclusive="0" skipped="0" asserts="0">
            <properties />
            <test-case id="1019" name="AiFailureKeepsCompletedSessionDataAsPendingEvaluation" fullname="AttackOnRasshiine.Editor.AiEvaluationFailureEditModeTests.AiFailureKeepsCompletedSessionDataAsPendingEvaluation" methodname="AiFailureKeepsCompletedSessionDataAsPendingEvaluation" classname="AttackOnRasshiine.Editor.AiEvaluationFailureEditModeTests" runstate="Runnable" seed="1514135326" result="Passed" start-time="2026-07-13 16:36:17Z" end-time="2026-07-13 16:36:17Z" duration="0.002760" asserts="0">
              <properties>
                <property name="retryIteration" value="0" />
                <property name="repeatIteration" value="0" />
              </properties>
            </test-case>
            <test-case id="1021" name="FallbackEvaluationAllowsMentorApprovalWithoutLosingSession" fullname="AttackOnRasshiine.Editor.AiEvaluationFailureEditModeTests.FallbackEvaluationAllowsMentorApprovalWithoutLosingSession" methodname="FallbackEvaluationAllowsMentorApprovalWithoutLosingSession" classname="AttackOnRasshiine.Editor.AiEvaluationFailureEditModeTests" runstate="Runnable" seed="617504385" result="Passed" start-time="2026-07-13 16:36:17Z" end-time="2026-07-13 16:36:17Z" duration="0.000843" asserts="0">
              <properties>
                <property name="retryIteration" value="0" />
                <property name="repeatIteration" value="0" />
              </properties>
            </test-case>
            <test-case id="1020" name="RetryAiEvaluationMovesSessionToReviewQueueWithEvaluation" fullname="AttackOnRasshiine.Editor.AiEvaluationFailureEditModeTests.RetryAiEvaluationMovesSessionToReviewQueueWithEvaluation" methodname="RetryAiEvaluationMovesSessionToReviewQueueWithEvaluation" classname="AttackOnRasshiine.Editor.AiEvaluationFailureEditModeTests" runstate="Runnable" seed="1881286467" result="Passed" start-time="2026-07-13 16:36:17Z" end-time="2026-07-13 16:36:17Z" duration="0.000194" asserts="0">
              <properties>
                <property name="retryIteration" value="0" />
                <property name="repeatIteration" value="0" />
              </properties>
            </test-case>
          </test-suite>
          <test-suite type="TestFixture" id="1022" name="BattleActionSelectionPersistenceEditModeTests" fullname="AttackOnRasshiine.Editor.BattleActionSelectionPersistenceEditModeTests" classname="AttackOnRasshiine.Editor.BattleActionSelectionPersistenceEditModeTests" runstate="Runnable" testcasecount="3" result="Passed" start-time="2026-07-13 16:36:17Z" end-time="2026-07-13 16:36:17Z" duration="0.006771" total="3" passed="3" failed="0" inconclusive="0" skipped="0" asserts="0">
            <properties />
            <test-case id="1024" name="SameUserActionsPersistSeparatelyAcrossTurns" fullname="AttackOnRasshiine.Editor.BattleActionSelectionPersistenceEditModeTests.SameUserActionsPersistSeparatelyAcrossTurns" methodname="SameUserActionsPersistSeparatelyAcrossTurns" classname="AttackOnRasshiine.Editor.BattleActionSelectionPersistenceEditModeTests" runstate="Runnable" seed="1540134962" result="Passed" start-time="2026-07-13 16:36:17Z" end-time="2026-07-13 16:36:17Z" duration="0.003069" asserts="0">
              <properties>
                <property name="retryIteration" value="0" />
                <property name="repeatIteration" value="0" />
              </properties>
            </test-case>
            <test-case id="1025" name="StartingBattleClearsPreviousActionSelections" fullname="AttackOnRasshiine.Editor.BattleActionSelectionPersistenceEditModeTests.StartingBattleClearsPreviousActionSelections" methodname="StartingBattleClearsPreviousActionSelections" classname="AttackOnRasshiine.Editor.BattleActionSelectionPersistenceEditModeTests" runstate="Runnable" seed="251264162" result="Passed" start-time="2026-07-13 16:36:17Z" end-time="2026-07-13 16:36:17Z" duration="0.000205" asserts="0">
              <properties>
                <property name="retryIteration" value="0" />
                <property name="repeatIteration" value="0" />
              </properties>
            </test-case>
            <test-case id="1023" name="SubmittedActionPersistsForUserAndTurn" fullname="AttackOnRasshiine.Editor.BattleActionSelectionPersistenceEditModeTests.SubmittedActionPersistsForUserAndTurn" methodname="SubmittedActionPersistsForUserAndTurn" classname="AttackOnRasshiine.Editor.BattleActionSelectionPersistenceEditModeTests" runstate="Runnable" seed="716226685" result="Passed" start-time="2026-07-13 16:36:17Z" end-time="2026-07-13 16:36:17Z" duration="0.000315" asserts="0">
              <properties>
                <property name="retryIteration" value="0" />
                <property name="repeatIteration" value="0" />
              </properties>
            </test-case>
          </test-suite>
          <test-suite type="TestFixture" id="1026" name="BattleContributorHighlightEditModeTests" fullname="AttackOnRasshiine.Editor.BattleContributorHighlightEditModeTests" classname="AttackOnRasshiine.Editor.BattleContributorHighlightEditModeTests" runstate="Runnable" testcasecount="1" result="Passed" start-time="2026-07-13 16:36:17Z" end-time="2026-07-13 16:36:17Z" duration="0.006399" total="1" passed="1" failed="0" inconclusive="0" skipped="0" asserts="0">
            <properties />
            <test-case id="1027" name="HighlightedContributorUsesContributionScoreAndContext" fullname="AttackOnRasshiine.Editor.BattleContributorHighlightEditModeTests.HighlightedContributorUsesContributionScoreAndContext" methodname="HighlightedContributorUsesContributionScoreAndContext" classname="AttackOnRasshiine.Editor.BattleContributorHighlightEditModeTests" runstate="Runnable" seed="1637012417" result="Passed" start-time="2026-07-13 16:36:17Z" end-time="2026-07-13 16:36:17Z" duration="0.003966" asserts="0">
              <properties>
                <property name="retryIteration" value="0" />
                <property name="repeatIteration" value="0" />
              </properties>
            </test-case>
          </test-suite>
          <test-suite type="TestFixture" id="1028" name="BattleDamageCalculationEditModeTests" fullname="AttackOnRasshiine.Editor.BattleDamageCalculationEditModeTests" classname="AttackOnRasshiine.Editor.BattleDamageCalculationEditModeTests" runstate="Runnable" testcasecount="4" result="Passed" start-time="2026-07-13 16:36:17Z" end-time="2026-07-13 16:36:17Z" duration="0.003699" total="4" passed="4" failed="0" inconclusive="0" skipped="0" asserts="0">
            <properties />
            <test-case id="1030" name="CalculatorClampsNegativeDamageToZero" fullname="AttackOnRasshiine.Editor.BattleDamageCalculationEditModeTests.CalculatorClampsNegativeDamageToZero" methodname="CalculatorClampsNegativeDamageToZero" classname="AttackOnRasshiine.Editor.BattleDamageCalculationEditModeTests" runstate="Runnable" seed="1102540401" result="Passed" start-time="2026-07-13 16:36:17Z" end-time="2026-07-13 16:36:17Z" duration="0.000104" asserts="0">
              <properties>
                <property name="retryIteration" value="0" />
                <property name="repeatIteration" value="0" />
              </properties>
            </test-case>
            <test-case id="1029" name="CalculatorUsesStatsRoleActionWeaponAndDefense" fullname="AttackOnRasshiine.Editor.BattleDamageCalculationEditModeTests.CalculatorUsesStatsRoleActionWeaponAndDefense" methodname="CalculatorUsesStatsRoleActionWeaponAndDefense" classname="AttackOnRasshiine.Editor.BattleDamageCalculationEditModeTests" runstate="Runnable" seed="1157908428" result="Passed" start-time="2026-07-13 16:36:17Z" end-time="2026-07-13 16:36:17Z" duration="0.000078" asserts="0">
              <properties>
                <property name="retryIteration" value="0" />
                <property name="repeatIteration" value="0" />
              </properties>
            </test-case>
            <test-case id="1031" name="SubmitBattleActionPersistsCalculatedDamageAndShowsMessage" fullname="AttackOnRasshiine.Editor.BattleDamageCalculationEditModeTests.SubmitBattleActionPersistsCalculatedDamageAndShowsMessage" methodname="SubmitBattleActionPersistsCalculatedDamageAndShowsMessage" classname="AttackOnRasshiine.Editor.BattleDamageCalculationEditModeTests" runstate="Runnable" seed="608411121" result="Passed" start-time="2026-07-13 16:36:17Z" end-time="2026-07-13 16:36:17Z" duration="0.000663" asserts="0">
              <properties>
                <property name="retryIteration" value="0" />
                <property name="repeatIteration" value="0" />
              </properties>
            </test-case>
            <test-case id="1032" name="SubmitBattleActionPersistsOnlyActualBossHpRemoved" fullname="AttackOnRasshiine.Editor.BattleDamageCalculationEditModeTests.SubmitBattleActionPersistsOnlyActualBossHpRemoved" methodname="SubmitBattleActionPersistsOnlyActualBossHpRemoved" classname="AttackOnRasshiine.Editor.BattleDamageCalculationEditModeTests" runstate="Runnable" seed="1895299829" result="Passed" start-time="2026-07-13 16:36:17Z" end-time="2026-07-13 16:36:17Z" duration="0.000321" asserts="0">
              <properties>
                <property name="retryIteration" value="0" />
                <property name="repeatIteration" value="0" />
              </properties>
            </test-case>
          </test-suite>
          <test-suite type="TestFixture" id="1033" name="BattleDamageRankingEditModeTests" fullname="AttackOnRasshiine.Editor.BattleDamageRankingEditModeTests" classname="AttackOnRasshiine.Editor.BattleDamageRankingEditModeTests" runstate="Runnable" testcasecount="2" result="Passed" start-time="2026-07-13 16:36:17Z" end-time="2026-07-13 16:36:17Z" duration="0.004555" total="2" passed="2" failed="0" inconclusive="0" skipped="0" asserts="0">
            <properties />
            <test-case id="1035" name="BattleDamageRankingSortsByDamageThenApprovedMinutes" fullname="AttackOnRasshiine.Editor.BattleDamageRankingEditModeTests.BattleDamageRankingSortsByDamageThenApprovedMinutes" methodname="BattleDamageRankingSortsByDamageThenApprovedMinutes" classname="AttackOnRasshiine.Editor.BattleDamageRankingEditModeTests" runstate="Runnable" seed="2087168978" result="Passed" start-time="2026-07-13 16:36:17Z" end-time="2026-07-13 16:36:17Z" duration="0.001780" asserts="0">
              <properties>
                <property name="retryIteration" value="0" />
                <property name="repeatIteration" value="0" />
              </properties>
            </test-case>
            <test-case id="1034" name="BattleDamageRankingUsesVisibleMembersWithApprovedLogsInPeriod" fullname="AttackOnRasshiine.Editor.BattleDamageRankingEditModeTests.BattleDamageRankingUsesVisibleMembersWithApprovedLogsInPeriod" methodname="BattleDamageRankingUsesVisibleMembersWithApprovedLogsInPeriod" classname="AttackOnRasshiine.Editor.BattleDamageRankingEditModeTests" runstate="Runnable" seed="251470687" result="Passed" start-time="2026-07-13 16:36:17Z" end-time="2026-07-13 16:36:17Z" duration="0.000362" asserts="0">
              <properties>
                <property name="retryIteration" value="0" />
                <property name="repeatIteration" value="0" />
              </properties>
            </test-case>
          </test-suite>
          <test-suite type="TestFixture" id="1036" name="BattleMemberParticipationUiEditModeTests" fullname="AttackOnRasshiine.Editor.BattleMemberParticipationUiEditModeTests" classname="AttackOnRasshiine.Editor.BattleMemberParticipationUiEditModeTests" runstate="Runnable" testcasecount="2" result="Passed" start-time="2026-07-13 16:36:17Z" end-time="2026-07-13 16:36:17Z" duration="0.004699" total="2" passed="2" failed="0" inconclusive="0" skipped="0" asserts="0">
            <properties />
            <test-case id="1038" name="ActionOptionsExposeMpCostAndAvailabilityForMemberMenu" fullname="AttackOnRasshiine.Editor.BattleMemberParticipationUiEditModeTests.ActionOptionsExposeMpCostAndAvailabilityForMemberMenu" methodname="ActionOptionsExposeMpCostAndAvailabilityForMemberMenu" classname="AttackOnRasshiine.Editor.BattleMemberParticipationUiEditModeTests" runstate="Runnable" seed="318818419" result="Passed" start-time="2026-07-13 16:36:17Z" end-time="2026-07-13 16:36:17Z" duration="0.001333" asserts="0">
              <properties>
                <property name="retryIteration" value="0" />
                <property name="repeatIteration" value="0" />
              </properties>
            </test-case>
            <test-case id="1037" name="PartyStatusAggregatesActiveParticipantHpAndMp" fullname="AttackOnRasshiine.Editor.BattleMemberParticipationUiEditModeTests.PartyStatusAggregatesActiveParticipantHpAndMp" methodname="PartyStatusAggregatesActiveParticipantHpAndMp" classname="AttackOnRasshiine.Editor.BattleMemberParticipationUiEditModeTests" runstate="Runnable" seed="286984493" result="Passed" start-time="2026-07-13 16:36:17Z" end-time="2026-07-13 16:36:17Z" duration="0.000650" asserts="0">
              <properties>
                <property name="retryIteration" value="0" />
                <property name="repeatIteration" value="0" />
              </properties>
            </test-case>
          </test-suite>
          <test-suite type="TestFixture" id="1039" name="BattleMpConsumptionEditModeTests" fullname="AttackOnRasshiine.Editor.BattleMpConsumptionEditModeTests" classname="AttackOnRasshiine.Editor.BattleMpConsumptionEditModeTests" runstate="Runnable" testcasecount="3" result="Passed" start-time="2026-07-13 16:36:17Z" end-time="2026-07-13 16:36:17Z" duration="0.003875" total="3" passed="3" failed="0" inconclusive="0" skipped="0" asserts="0">
            <properties />
            <test-case id="1042" name="InsufficientMpFallsBackToNormalWithoutSpendingMp" fullname="AttackOnRasshiine.Editor.BattleMpConsumptionEditModeTests.InsufficientMpFallsBackToNormalWithoutSpendingMp" methodname="InsufficientMpFallsBackToNormalWithoutSpendingMp" classname="AttackOnRasshiine.Editor.BattleMpConsumptionEditModeTests" runstate="Runnable" seed="1212878112" result="Passed" start-time="2026-07-13 16:36:17Z" end-time="2026-07-13 16:36:17Z" duration="0.000281" asserts="0">
              <properties>
                <property name="retryIteration" value="0" />
                <property name="repeatIteration" value="0" />
              </properties>
            </test-case>
            <test-case id="1041" name="RifleFullPowerConsumesDiscountedMpCost" fullname="AttackOnRasshiine.Editor.BattleMpConsumptionEditModeTests.RifleFullPowerConsumesDiscountedMpCost" methodname="RifleFullPowerConsumesDiscountedMpCost" classname="AttackOnRasshiine.Editor.BattleMpConsumptionEditModeTests" runstate="Runnable" seed="1564828614" result="Passed" start-time="2026-07-13 16:36:17Z" end-time="2026-07-13 16:36:17Z" duration="0.000256" asserts="0">
              <properties>
                <property name="retryIteration" value="0" />
                <property name="repeatIteration" value="0" />
              </properties>
            </test-case>
            <test-case id="1040" name="StrongAttackConsumesBaseMpAndRecordsCost" fullname="AttackOnRasshiine.Editor.BattleMpConsumptionEditModeTests.StrongAttackConsumesBaseMpAndRecordsCost" methodname="StrongAttackConsumesBaseMpAndRecordsCost" classname="AttackOnRasshiine.Editor.BattleMpConsumptionEditModeTests" runstate="Runnable" seed="26880185" result="Passed" start-time="2026-07-13 16:36:17Z" end-time="2026-07-13 16:36:17Z" duration="0.000200" asserts="0">
              <properties>
                <property name="retryIteration" value="0" />
                <property name="repeatIteration" value="0" />
              </properties>
            </test-case>
          </test-suite>
          <test-suite type="TestFixture" id="1043" name="BattleResultSummaryEditModeTests" fullname="AttackOnRasshiine.Editor.BattleResultSummaryEditModeTests" classname="AttackOnRasshiine.Editor.BattleResultSummaryEditModeTests" runstate="Runnable" testcasecount="4" result="Passed" start-time="2026-07-13 16:36:17Z" end-time="2026-07-13 16:36:17Z" duration="0.004016" total="4" passed="4" failed="0" inconclusive="0" skipped="0" asserts="0">
            <properties />
            <test-case id="1047" name="BattleActionSavesDefeatOutcomeWhenTurnLimitEnds" fullname="AttackOnRasshiine.Editor.BattleResultSummaryEditModeTests.BattleActionSavesDefeatOutcomeWhenTurnLimitEnds" methodname="BattleActionSavesDefeatOutcomeWhenTurnLimitEnds" classname="AttackOnRasshiine.Editor.BattleResultSummaryEditModeTests" runstate="Runnable" seed="1118107292" result="Passed" start-time="2026-07-13 16:36:17Z" end-time="2026-07-13 16:36:17Z" duration="0.000687" asserts="0">
              <properties>
                <property name="retryIteration" value="0" />
                <property name="repeatIteration" value="0" />
              </properties>
            </test-case>
            <test-case id="1046" name="BattleActionSavesVictoryOutcomeWhenBossHpReachesZero" fullname="AttackOnRasshiine.Editor.BattleResultSummaryEditModeTests.BattleActionSavesVictoryOutcomeWhenBossHpReachesZero" methodname="BattleActionSavesVictoryOutcomeWhenBossHpReachesZero" classname="AttackOnRasshiine.Editor.BattleResultSummaryEditModeTests" runstate="Runnable" seed="1149050038" result="Passed" start-time="2026-07-13 16:36:17Z" end-time="2026-07-13 16:36:17Z" duration="0.000198" asserts="0">
              <properties>
                <property name="retryIteration" value="0" />
                <property name="repeatIteration" value="0" />
              </properties>
            </test-case>
            <test-case id="1045" name="BattleResultSummaryMarksTimeUpWithRemainingBossHp" fullname="AttackOnRasshiine.Editor.BattleResultSummaryEditModeTests.BattleResultSummaryMarksTimeUpWithRemainingBossHp" methodname="BattleResultSummaryMarksTimeUpWithRemainingBossHp" classname="AttackOnRasshiine.Editor.BattleResultSummaryEditModeTests" runstate="Runnable" seed="623100053" result="Passed" start-time="2026-07-13 16:36:17Z" end-time="2026-07-13 16:36:17Z" duration="0.000250" asserts="0">
              <properties>
                <property name="retryIteration" value="0" />
                <property name="repeatIteration" value="0" />
              </properties>
            </test-case>
            <test-case id="1044" name="BattleResultSummaryMarksVictoryAndMvpReward" fullname="AttackOnRasshiine.Editor.BattleResultSummaryEditModeTests.BattleResultSummaryMarksVictoryAndMvpReward" methodname="BattleResultSummaryMarksVictoryAndMvpReward" classname="AttackOnRasshiine.Editor.BattleResultSummaryEditModeTests" runstate="Runnable" seed="1926212255" result="Passed" start-time="2026-07-13 16:36:17Z" end-time="2026-07-13 16:36:17Z" duration="0.000413" asserts="0">
              <properties>
                <property name="retryIteration" value="0" />
                <property name="repeatIteration" value="0" />
              </properties>
            </test-case>
          </test-suite>
          <test-suite type="TestFixture" id="1048" name="BattleSupportEffectsEditModeTests" fullname="AttackOnRasshiine.Editor.BattleSupportEffectsEditModeTests" classname="AttackOnRasshiine.Editor.BattleSupportEffectsEditModeTests" runstate="Runnable" testcasecount="3" result="Passed" start-time="2026-07-13 16:36:17Z" end-time="2026-07-13 16:36:17Z" duration="0.003706" total="3" passed="3" failed="0" inconclusive="0" skipped="0" asserts="0">
            <properties />
            <test-case id="1050" name="DefenderSupportRestoresTeamMpWithinCaps" fullname="AttackOnRasshiine.Editor.BattleSupportEffectsEditModeTests.DefenderSupportRestoresTeamMpWithinCaps" methodname="DefenderSupportRestoresTeamMpWithinCaps" classname="AttackOnRasshiine.Editor.BattleSupportEffectsEditModeTests" runstate="Runnable" seed="984635574" result="Passed" start-time="2026-07-13 16:36:17Z" end-time="2026-07-13 16:36:17Z" duration="0.000513" asserts="0">
              <properties>
                <property name="retryIteration" value="0" />
                <property name="repeatIteration" value="0" />
              </properties>
            </test-case>
            <test-case id="1049" name="HealerSupportRecordsActualTeamHpRestored" fullname="AttackOnRasshiine.Editor.BattleSupportEffectsEditModeTests.HealerSupportRecordsActualTeamHpRestored" methodname="HealerSupportRecordsActualTeamHpRestored" classname="AttackOnRasshiine.Editor.BattleSupportEffectsEditModeTests" runstate="Runnable" seed="424008870" result="Passed" start-time="2026-07-13 16:36:17Z" end-time="2026-07-13 16:36:17Z" duration="0.000253" asserts="0">
              <properties>
                <property name="retryIteration" value="0" />
                <property name="repeatIteration" value="0" />
              </properties>
            </test-case>
            <test-case id="1051" name="SupporterSupportReducesBossDefensePredictably" fullname="AttackOnRasshiine.Editor.BattleSupportEffectsEditModeTests.SupporterSupportReducesBossDefensePredictably" methodname="SupporterSupportReducesBossDefensePredictably" classname="AttackOnRasshiine.Editor.BattleSupportEffectsEditModeTests" runstate="Runnable" seed="1357888215" result="Passed" start-time="2026-07-13 16:36:17Z" end-time="2026-07-13 16:36:17Z" duration="0.000145" asserts="0">
              <properties>
                <property name="retryIteration" value="0" />
                <property name="repeatIteration" value="0" />
              </properties>
            </test-case>
          </test-suite>
          <test-suite type="TestFixture" id="1052" name="BattleTurnFlowEditModeTests" fullname="AttackOnRasshiine.Editor.BattleTurnFlowEditModeTests" classname="AttackOnRasshiine.Editor.BattleTurnFlowEditModeTests" runstate="Runnable" testcasecount="2" result="Passed" start-time="2026-07-13 16:36:17Z" end-time="2026-07-13 16:36:17Z" duration="0.002327" total="2" passed="2" failed="0" inconclusive="0" skipped="0" asserts="0">
            <properties />
            <test-case id="1053" name="BattlePhaseProgressesWithoutRealtimeDependency" fullname="AttackOnRasshiine.Editor.BattleTurnFlowEditModeTests.BattlePhaseProgressesWithoutRealtimeDependency" methodname="BattlePhaseProgressesWithoutRealtimeDependency" classname="AttackOnRasshiine.Editor.BattleTurnFlowEditModeTests" runstate="Runnable" seed="222942162" result="Passed" start-time="2026-07-13 16:36:17Z" end-time="2026-07-13 16:36:17Z" duration="0.000259" asserts="0">
              <properties>
                <property name="retryIteration" value="0" />
                <property name="repeatIteration" value="0" />
              </properties>
            </test-case>
            <test-case id="1054" name="ThreeSubmittedTurnsCompleteBattleWithoutRealtimeTimers" fullname="AttackOnRasshiine.Editor.BattleTurnFlowEditModeTests.ThreeSubmittedTurnsCompleteBattleWithoutRealtimeTimers" methodname="ThreeSubmittedTurnsCompleteBattleWithoutRealtimeTimers" classname="AttackOnRasshiine.Editor.BattleTurnFlowEditModeTests" runstate="Runnable" seed="2103844024" result="Passed" start-time="2026-07-13 16:36:17Z" end-time="2026-07-13 16:36:17Z" duration="0.000228" asserts="0">
              <properties>
                <property name="retryIteration" value="0" />
                <property name="repeatIteration" value="0" />
              </properties>
            </test-case>
          </test-suite>
          <test-suite type="TestFixture" id="1055" name="BossBattleConcurrencyEditModeTests" fullname="AttackOnRasshiine.Editor.BossBattleConcurrencyEditModeTests" classname="AttackOnRasshiine.Editor.BossBattleConcurrencyEditModeTests" runstate="Runnable" testcasecount="3" result="Passed" start-time="2026-07-13 16:36:17Z" end-time="2026-07-13 16:36:17Z" duration="0.005027" total="3" passed="3" failed="0" inconclusive="0" skipped="0" asserts="0">
            <properties />
            <test-case id="1057" name="ExpectedMembersCanSubmitBattleActionsWithoutCorruptingState" fullname="AttackOnRasshiine.Editor.BossBattleConcurrencyEditModeTests.ExpectedMembersCanSubmitBattleActionsWithoutCorruptingState" methodname="ExpectedMembersCanSubmitBattleActionsWithoutCorruptingState" classname="AttackOnRasshiine.Editor.BossBattleConcurrencyEditModeTests" runstate="Runnable" seed="1510379703" result="Passed" start-time="2026-07-13 16:36:17Z" end-time="2026-07-13 16:36:17Z" duration="0.001326" asserts="0">
              <properties>
                <property name="retryIteration" value="0" />
                <property name="repeatIteration" value="0" />
              </properties>
            </test-case>
            <test-case id="1058" name="RepeatedMemberActionLoadKeepsBattleStable" fullname="AttackOnRasshiine.Editor.BossBattleConcurrencyEditModeTests.RepeatedMemberActionLoadKeepsBattleStable" methodname="RepeatedMemberActionLoadKeepsBattleStable" classname="AttackOnRasshiine.Editor.BossBattleConcurrencyEditModeTests" runstate="Runnable" seed="1464970543" result="Passed" start-time="2026-07-13 16:36:17Z" end-time="2026-07-13 16:36:17Z" duration="0.000670" asserts="0">
              <properties>
                <property name="retryIteration" value="0" />
                <property name="repeatIteration" value="0" />
              </properties>
            </test-case>
            <test-case id="1056" name="StartBattleKeepsExpectedMemberParticipantsReady" fullname="AttackOnRasshiine.Editor.BossBattleConcurrencyEditModeTests.StartBattleKeepsExpectedMemberParticipantsReady" methodname="StartBattleKeepsExpectedMemberParticipantsReady" classname="AttackOnRasshiine.Editor.BossBattleConcurrencyEditModeTests" runstate="Runnable" seed="934210596" result="Passed" start-time="2026-07-13 16:36:17Z" end-time="2026-07-13 16:36:17Z" duration="0.000580" asserts="0">
              <properties>
                <property name="retryIteration" value="0" />
                <property name="repeatIteration" value="0" />
              </properties>
            </test-case>
          </test-suite>
          <test-suite type="TestFixture" id="1059" name="BossBattleDataEditModeTests" fullname="AttackOnRasshiine.Editor.BossBattleDataEditModeTests" classname="AttackOnRasshiine.Editor.BossBattleDataEditModeTests" runstate="Runnable" testcasecount="3" result="Passed" start-time="2026-07-13 16:36:17Z" end-time="2026-07-13 16:36:17Z" duration="0.005780" total="3" passed="3" failed="0" inconclusive="0" skipped="0" asserts="0">
            <properties />
            <test-case id="1062" name="BattleLifecycleRecordsStartCompletionAndResult" fullname="AttackOnRasshiine.Editor.BossBattleDataEditModeTests.BattleLifecycleRecordsStartCompletionAndResult" methodname="BattleLifecycleRecordsStartCompletionAndResult" classname="AttackOnRasshiine.Editor.BossBattleDataEditModeTests" runstate="Runnable" seed="593999904" result="Passed" start-time="2026-07-13 16:36:17Z" end-time="2026-07-13 16:36:17Z" duration="0.001839" asserts="0">
              <properties>
                <property name="retryIteration" value="0" />
                <property name="repeatIteration" value="0" />
              </properties>
            </test-case>
            <test-case id="1061" name="HpMultiplierUsesWeeklyBaseHpWithoutCompounding" fullname="AttackOnRasshiine.Editor.BossBattleDataEditModeTests.HpMultiplierUsesWeeklyBaseHpWithoutCompounding" methodname="HpMultiplierUsesWeeklyBaseHpWithoutCompounding" classname="AttackOnRasshiine.Editor.BossBattleDataEditModeTests" runstate="Runnable" seed="732583138" result="Passed" start-time="2026-07-13 16:36:17Z" end-time="2026-07-13 16:36:17Z" duration="0.000437" asserts="0">
              <properties>
                <property name="retryIteration" value="0" />
                <property name="repeatIteration" value="0" />
              </properties>
            </test-case>
            <test-case id="1060" name="ScheduledBattleRecordsWeeklyHpStatusAndCreator" fullname="AttackOnRasshiine.Editor.BossBattleDataEditModeTests.ScheduledBattleRecordsWeeklyHpStatusAndCreator" methodname="ScheduledBattleRecordsWeeklyHpStatusAndCreator" classname="AttackOnRasshiine.Editor.BossBattleDataEditModeTests" runstate="Runnable" seed="1529868964" result="Passed" start-time="2026-07-13 16:36:17Z" end-time="2026-07-13 16:36:17Z" duration="0.000709" asserts="0">
              <properties>
                <property name="retryIteration" value="0" />
                <property name="repeatIteration" value="0" />
              </properties>
            </test-case>
          </test-suite>
          <test-suite type="TestFixture" id="1063" name="CosmeticLoadoutEditModeTests" fullname="AttackOnRasshiine.Editor.CosmeticLoadoutEditModeTests" classname="AttackOnRasshiine.Editor.CosmeticLoadoutEditModeTests" runstate="Runnable" testcasecount="5" result="Passed" start-time="2026-07-13 16:36:17Z" end-time="2026-07-13 16:36:17Z" duration="0.006542" total="5" passed="5" failed="0" inconclusive="0" skipped="0" asserts="0">
            <properties />
            <test-case id="1067" name="DifferentSlotsRemainIndependentAndCanBeUnequipped" fullname="AttackOnRasshiine.Editor.CosmeticLoadoutEditModeTests.DifferentSlotsRemainIndependentAndCanBeUnequipped" methodname="DifferentSlotsRemainIndependentAndCanBeUnequipped" classname="AttackOnRasshiine.Editor.CosmeticLoadoutEditModeTests" runstate="Runnable" seed="244174009" result="Passed" start-time="2026-07-13 16:36:17Z" end-time="2026-07-13 16:36:17Z" duration="0.002319" asserts="0">
              <properties>
                <property name="retryIteration" value="0" />
                <property name="repeatIteration" value="0" />
              </properties>
            </test-case>
            <test-case id="1066" name="EquippingSameSlotAtomicallyReplacesPreviousItem" fullname="AttackOnRasshiine.Editor.CosmeticLoadoutEditModeTests.EquippingSameSlotAtomicallyReplacesPreviousItem" methodname="EquippingSameSlotAtomicallyReplacesPreviousItem" classname="AttackOnRasshiine.Editor.CosmeticLoadoutEditModeTests" runstate="Runnable" seed="366210492" result="Passed" start-time="2026-07-13 16:36:17Z" end-time="2026-07-13 16:36:17Z" duration="0.000172" asserts="0">
              <properties>
                <property name="retryIteration" value="0" />
                <property name="repeatIteration" value="0" />
              </properties>
            </test-case>
            <test-case id="1068" name="InvalidPersistedEquipmentIsRejected" fullname="AttackOnRasshiine.Editor.CosmeticLoadoutEditModeTests.InvalidPersistedEquipmentIsRejected" methodname="InvalidPersistedEquipmentIsRejected" classname="AttackOnRasshiine.Editor.CosmeticLoadoutEditModeTests" runstate="Runnable" seed="690934695" result="Passed" start-time="2026-07-13 16:36:17Z" end-time="2026-07-13 16:36:17Z" duration="0.000266" asserts="0">
              <properties>
                <property name="retryIteration" value="0" />
                <property name="repeatIteration" value="0" />
              </properties>
            </test-case>
            <test-case id="1064" name="OnlyOwnedCosmeticsCanBeEquipped" fullname="AttackOnRasshiine.Editor.CosmeticLoadoutEditModeTests.OnlyOwnedCosmeticsCanBeEquipped" methodname="OnlyOwnedCosmeticsCanBeEquipped" classname="AttackOnRasshiine.Editor.CosmeticLoadoutEditModeTests" runstate="Runnable" seed="1130976994" result="Passed" start-time="2026-07-13 16:36:17Z" end-time="2026-07-13 16:36:17Z" duration="0.000081" asserts="0">
              <properties>
                <property name="retryIteration" value="0" />
                <property name="repeatIteration" value="0" />
              </properties>
            </test-case>
            <test-case id="1065" name="OwnershipIsIdempotentAndEnablesEquip" fullname="AttackOnRasshiine.Editor.CosmeticLoadoutEditModeTests.OwnershipIsIdempotentAndEnablesEquip" methodname="OwnershipIsIdempotentAndEnablesEquip" classname="AttackOnRasshiine.Editor.CosmeticLoadoutEditModeTests" runstate="Runnable" seed="197458705" result="Passed" start-time="2026-07-13 16:36:17Z" end-time="2026-07-13 16:36:17Z" duration="0.000106" asserts="0">
              <properties>
                <property name="retryIteration" value="0" />
                <property name="repeatIteration" value="0" />
              </properties>
            </test-case>
          </test-suite>
          <test-suite type="TestFixture" id="1069" name="DeterministicWeightedGachaEditModeTests" fullname="AttackOnRasshiine.Editor.DeterministicWeightedGachaEditModeTests" classname="AttackOnRasshiine.Editor.DeterministicWeightedGachaEditModeTests" runstate="Runnable" testcasecount="5" result="Passed" start-time="2026-07-13 16:36:17Z" end-time="2026-07-13 16:36:17Z" duration="0.005814" total="5" passed="5" failed="0" inconclusive="0" skipped="0" asserts="0">
            <properties />
            <test-case id="1073" name="DuplicateDrawReturnsConfiguredCompensationOnly" fullname="AttackOnRasshiine.Editor.DeterministicWeightedGachaEditModeTests.DuplicateDrawReturnsConfiguredCompensationOnly" methodname="DuplicateDrawReturnsConfiguredCompensationOnly" classname="AttackOnRasshiine.Editor.DeterministicWeightedGachaEditModeTests" runstate="Runnable" seed="1519348185" result="Passed" start-time="2026-07-13 16:36:17Z" end-time="2026-07-13 16:36:17Z" duration="0.001713" asserts="0">
              <properties>
                <property name="retryIteration" value="0" />
                <property name="repeatIteration" value="0" />
              </properties>
            </test-case>
            <test-case id="1074" name="EmptyAndAmbiguousPoolsAreRejected" fullname="AttackOnRasshiine.Editor.DeterministicWeightedGachaEditModeTests.EmptyAndAmbiguousPoolsAreRejected" methodname="EmptyAndAmbiguousPoolsAreRejected" classname="AttackOnRasshiine.Editor.DeterministicWeightedGachaEditModeTests" runstate="Runnable" seed="1745548491" result="Passed" start-time="2026-07-13 16:36:17Z" end-time="2026-07-13 16:36:17Z" duration="0.000329" asserts="0">
              <properties>
                <property name="retryIteration" value="0" />
                <property name="repeatIteration" value="0" />
              </properties>
            </test-case>
            <test-case id="1070" name="SameSeedAndPoolProduceSameDrawRegardlessOfCatalogOrder" fullname="AttackOnRasshiine.Editor.DeterministicWeightedGachaEditModeTests.SameSeedAndPoolProduceSameDrawRegardlessOfCatalogOrder" methodname="SameSeedAndPoolProduceSameDrawRegardlessOfCatalogOrder" classname="AttackOnRasshiine.Editor.DeterministicWeightedGachaEditModeTests" runstate="Runnable" seed="1000446920" result="Passed" start-time="2026-07-13 16:36:17Z" end-time="2026-07-13 16:36:17Z" duration="0.000478" asserts="0">
              <properties>
                <property name="retryIteration" value="0" />
                <property name="repeatIteration" value="0" />
              </properties>
            </test-case>
            <test-case id="1072" name="WeaponAndCosmeticPoolsAreSelectedIndependently" fullname="AttackOnRasshiine.Editor.DeterministicWeightedGachaEditModeTests.WeaponAndCosmeticPoolsAreSelectedIndependently" methodname="WeaponAndCosmeticPoolsAreSelectedIndependently" classname="AttackOnRasshiine.Editor.DeterministicWeightedGachaEditModeTests" runstate="Runnable" seed="423982506" result="Passed" start-time="2026-07-13 16:36:17Z" end-time="2026-07-13 16:36:17Z" duration="0.000090" asserts="0">
              <properties>
                <property name="retryIteration" value="0" />
                <property name="repeatIteration" value="0" />
              </properties>
            </test-case>
            <test-case id="1071" name="WeightedBoundariesAreStableAndInclusiveAtTheStart" fullname="AttackOnRasshiine.Editor.DeterministicWeightedGachaEditModeTests.WeightedBoundariesAreStableAndInclusiveAtTheStart" methodname="WeightedBoundariesAreStableAndInclusiveAtTheStart" classname="AttackOnRasshiine.Editor.DeterministicWeightedGachaEditModeTests" runstate="Runnable" seed="1593325517" result="Passed" start-time="2026-07-13 16:36:17Z" end-time="2026-07-13 16:36:17Z" duration="0.000077" asserts="0">
              <properties>
                <property name="retryIteration" value="0" />
                <property name="repeatIteration" value="0" />
              </properties>
            </test-case>
          </test-suite>
          <test-suite type="TestFixture" id="1089" name="DevelopmentExpCalculationEditModeTests" fullname="AttackOnRasshiine.Editor.DevelopmentExpCalculationEditModeTests" classname="AttackOnRasshiine.Editor.DevelopmentExpCalculationEditModeTests" runstate="Runnable" testcasecount="3" result="Passed" start-time="2026-07-13 16:36:17Z" end-time="2026-07-13 16:36:17Z" duration="0.003177" total="3" passed="3" failed="0" inconclusive="0" skipped="0" asserts="0">
            <properties />
            <test-case id="1092" name="ApprovalAppliesCalculatedPreviewExpOnce" fullname="AttackOnRasshiine.Editor.DevelopmentExpCalculationEditModeTests.ApprovalAppliesCalculatedPreviewExpOnce" methodname="ApprovalAppliesCalculatedPreviewExpOnce" classname="AttackOnRasshiine.Editor.DevelopmentExpCalculationEditModeTests" runstate="Runnable" seed="687191293" result="Passed" start-time="2026-07-13 16:36:17Z" end-time="2026-07-13 16:36:17Z" duration="0.000368" asserts="0">
              <properties>
                <property name="retryIteration" value="0" />
                <property name="repeatIteration" value="0" />
              </properties>
            </test-case>
            <test-case id="1090" name="CalculatorUsesApprovedMinutesAndAiMultiplier" fullname="AttackOnRasshiine.Editor.DevelopmentExpCalculationEditModeTests.CalculatorUsesApprovedMinutesAndAiMultiplier" methodname="CalculatorUsesApprovedMinutesAndAiMultiplier" classname="AttackOnRasshiine.Editor.DevelopmentExpCalculationEditModeTests" runstate="Runnable" seed="288341006" result="Passed" start-time="2026-07-13 16:36:17Z" end-time="2026-07-13 16:36:17Z" duration="0.000081" asserts="0">
              <properties>
                <property name="retryIteration" value="0" />
                <property name="repeatIteration" value="0" />
              </properties>
            </test-case>
            <test-case id="1091" name="CalculatorUsesSpecRankMultiplierTable" fullname="AttackOnRasshiine.Editor.DevelopmentExpCalculationEditModeTests.CalculatorUsesSpecRankMultiplierTable" methodname="CalculatorUsesSpecRankMultiplierTable" classname="AttackOnRasshiine.Editor.DevelopmentExpCalculationEditModeTests" runstate="Runnable" seed="431547823" result="Passed" start-time="2026-07-13 16:36:17Z" end-time="2026-07-13 16:36:17Z" duration="0.000095" asserts="0">
              <properties>
                <property name="retryIteration" value="0" />
                <property name="repeatIteration" value="0" />
              </properties>
            </test-case>
          </test-suite>
          <test-suite type="TestFixture" id="1093" name="DevelopmentSessionProgressionEditModeTests" fullname="AttackOnRasshiine.Editor.DevelopmentSessionProgressionEditModeTests" classname="AttackOnRasshiine.Editor.DevelopmentSessionProgressionEditModeTests" runstate="Runnable" testcasecount="4" result="Passed" start-time="2026-07-13 16:36:17Z" end-time="2026-07-13 16:36:17Z" duration="0.002900" total="4" passed="4" failed="0" inconclusive="0" skipped="0" asserts="0">
            <properties />
            <test-case id="1094" name="ApprovedDevelopmentGrantsTimeScoreAndQualityAdjustedExp" fullname="AttackOnRasshiine.Editor.DevelopmentSessionProgressionEditModeTests.ApprovedDevelopmentGrantsTimeScoreAndQualityAdjustedExp" methodname="ApprovedDevelopmentGrantsTimeScoreAndQualityAdjustedExp" classname="AttackOnRasshiine.Editor.DevelopmentSessionProgressionEditModeTests" runstate="Runnable" seed="1084818704" result="Passed" start-time="2026-07-13 16:36:17Z" end-time="2026-07-13 16:36:17Z" duration="0.000274" asserts="0">
              <properties>
                <property name="retryIteration" value="0" />
                <property name="repeatIteration" value="0" />
              </properties>
            </test-case>
            <test-case id="1097" name="ApprovedSessionUsesSameExpRuleAsExistingPreview" fullname="AttackOnRasshiine.Editor.DevelopmentSessionProgressionEditModeTests.ApprovedSessionUsesSameExpRuleAsExistingPreview" methodname="ApprovedSessionUsesSameExpRuleAsExistingPreview" classname="AttackOnRasshiine.Editor.DevelopmentSessionProgressionEditModeTests" runstate="Runnable" seed="2008535089" result="Passed" start-time="2026-07-13 16:36:17Z" end-time="2026-07-13 16:36:17Z" duration="0.000100" asserts="0">
              <properties>
                <property name="retryIteration" value="0" />
                <property name="repeatIteration" value="0" />
              </properties>
            </test-case>
            <test-case id="1096" name="PendingAndRejectedSessionsDoNotGrantDurableProgress" fullname="AttackOnRasshiine.Editor.DevelopmentSessionProgressionEditModeTests.PendingAndRejectedSessionsDoNotGrantDurableProgress" methodname="PendingAndRejectedSessionsDoNotGrantDurableProgress" classname="AttackOnRasshiine.Editor.DevelopmentSessionProgressionEditModeTests" runstate="Runnable" seed="968777882" result="Passed" start-time="2026-07-13 16:36:17Z" end-time="2026-07-13 16:36:17Z" duration="0.000080" asserts="0">
              <properties>
                <property name="retryIteration" value="0" />
                <property name="repeatIteration" value="0" />
              </properties>
            </test-case>
            <test-case id="1095" name="ScoreRateIsConfigurableAndInvalidInputIsClamped" fullname="AttackOnRasshiine.Editor.DevelopmentSessionProgressionEditModeTests.ScoreRateIsConfigurableAndInvalidInputIsClamped" methodname="ScoreRateIsConfigurableAndInvalidInputIsClamped" classname="AttackOnRasshiine.Editor.DevelopmentSessionProgressionEditModeTests" runstate="Runnable" seed="1253566830" result="Passed" start-time="2026-07-13 16:36:17Z" end-time="2026-07-13 16:36:17Z" duration="0.000059" asserts="0">
              <properties>
                <property name="retryIteration" value="0" />
                <property name="repeatIteration" value="0" />
              </properties>
            </test-case>
          </test-suite>
          <test-suite type="TestFixture" id="1098" name="DevelopmentTimeRankingEditModeTests" fullname="AttackOnRasshiine.Editor.DevelopmentTimeRankingEditModeTests" classname="AttackOnRasshiine.Editor.DevelopmentTimeRankingEditModeTests" runstate="Runnable" testcasecount="6" result="Passed" start-time="2026-07-13 16:36:17Z" end-time="2026-07-13 16:36:17Z" duration="0.007834" total="6" passed="6" failed="0" inconclusive="0" skipped="0" asserts="0">
            <properties />
            <test-case id="1100" name="DevelopmentTimeRankingFiltersByPeriod" fullname="AttackOnRasshiine.Editor.DevelopmentTimeRankingEditModeTests.DevelopmentTimeRankingFiltersByPeriod" methodname="DevelopmentTimeRankingFiltersByPeriod" classname="AttackOnRasshiine.Editor.DevelopmentTimeRankingEditModeTests" runstate="Runnable" seed="1306217233" result="Passed" start-time="2026-07-13 16:36:17Z" end-time="2026-07-13 16:36:17Z" duration="0.001413" asserts="0">
              <properties>
                <property name="retryIteration" value="0" />
                <property name="repeatIteration" value="0" />
              </properties>
            </test-case>
            <test-case id="1101" name="DevelopmentTimeRankingUsesApprovedVisibleMembersAndNicknameOrder" fullname="AttackOnRasshiine.Editor.DevelopmentTimeRankingEditModeTests.DevelopmentTimeRankingUsesApprovedVisibleMembersAndNicknameOrder" methodname="DevelopmentTimeRankingUsesApprovedVisibleMembersAndNicknameOrder" classname="AttackOnRasshiine.Editor.DevelopmentTimeRankingEditModeTests" runstate="Runnable" seed="1099929534" result="Passed" start-time="2026-07-13 16:36:17Z" end-time="2026-07-13 16:36:17Z" duration="0.000456" asserts="0">
              <properties>
                <property name="retryIteration" value="0" />
                <property name="repeatIteration" value="0" />
              </properties>
            </test-case>
            <test-case id="1099" name="TeamDisplayName_HidesOpaqueDatabaseIdentifiers" fullname="AttackOnRasshiine.Editor.DevelopmentTimeRankingEditModeTests.TeamDisplayName_HidesOpaqueDatabaseIdentifiers" methodname="TeamDisplayName_HidesOpaqueDatabaseIdentifiers" classname="AttackOnRasshiine.Editor.DevelopmentTimeRankingEditModeTests" runstate="Runnable" seed="1789116668" result="Passed" start-time="2026-07-13 16:36:17Z" end-time="2026-07-13 16:36:17Z" duration="0.000331" asserts="0">
              <properties>
                <property name="retryIteration" value="0" />
                <property name="repeatIteration" value="0" />
              </properties>
            </test-case>
            <test-case id="1103" name="TeamMemberRankingRestrictsToCurrentTeamAndVisibility" fullname="AttackOnRasshiine.Editor.DevelopmentTimeRankingEditModeTests.TeamMemberRankingRestrictsToCurrentTeamAndVisibility" methodname="TeamMemberRankingRestrictsToCurrentTeamAndVisibility" classname="AttackOnRasshiine.Editor.DevelopmentTimeRankingEditModeTests" runstate="Runnable" seed="1070015374" result="Passed" start-time="2026-07-13 16:36:17Z" end-time="2026-07-13 16:36:17Z" duration="0.000608" asserts="0">
              <properties>
                <property name="retryIteration" value="0" />
                <property name="repeatIteration" value="0" />
              </properties>
            </test-case>
            <test-case id="1104" name="TeamRankingAggregatesVisibleApprovedMembersByPeriod" fullname="AttackOnRasshiine.Editor.DevelopmentTimeRankingEditModeTests.TeamRankingAggregatesVisibleApprovedMembersByPeriod" methodname="TeamRankingAggregatesVisibleApprovedMembersByPeriod" classname="AttackOnRasshiine.Editor.DevelopmentTimeRankingEditModeTests" runstate="Runnable" seed="1212283027" result="Passed" start-time="2026-07-13 16:36:17Z" end-time="2026-07-13 16:36:17Z" duration="0.001731" asserts="0">
              <properties>
                <property name="retryIteration" value="0" />
                <property name="repeatIteration" value="0" />
              </properties>
            </test-case>
            <test-case id="1102" name="TermRankingUsesAprilToSeptemberWindow" fullname="AttackOnRasshiine.Editor.DevelopmentTimeRankingEditModeTests.TermRankingUsesAprilToSeptemberWindow" methodname="TermRankingUsesAprilToSeptemberWindow" classname="AttackOnRasshiine.Editor.DevelopmentTimeRankingEditModeTests" runstate="Runnable" seed="1691444711" result="Passed" start-time="2026-07-13 16:36:17Z" end-time="2026-07-13 16:36:17Z" duration="0.000482" asserts="0">
              <properties>
                <property name="retryIteration" value="0" />
                <property name="repeatIteration" value="0" />
              </properties>
            </test-case>
          </test-suite>
          <test-suite type="TestFixture" id="1075" name="DevLogPresenterEditModeTests" fullname="AttackOnRasshiine.Editor.DevLogPresenterEditModeTests" classname="AttackOnRasshiine.Editor.DevLogPresenterEditModeTests" runstate="Runnable" testcasecount="10" result="Passed" start-time="2026-07-13 16:36:17Z" end-time="2026-07-13 16:36:17Z" duration="0.011718" total="10" passed="10" failed="0" inconclusive="0" skipped="0" asserts="0">
            <properties />
            <test-case id="1076" name="BuildDetectsActiveSessionAndReviewQueues" fullname="AttackOnRasshiine.Editor.DevLogPresenterEditModeTests.BuildDetectsActiveSessionAndReviewQueues" methodname="BuildDetectsActiveSessionAndReviewQueues" classname="AttackOnRasshiine.Editor.DevLogPresenterEditModeTests" runstate="Runnable" seed="1787061983" result="Passed" start-time="2026-07-13 16:36:17Z" end-time="2026-07-13 16:36:17Z" duration="0.002208" asserts="0">
              <properties>
                <property name="retryIteration" value="0" />
                <property name="repeatIteration" value="0" />
              </properties>
            </test-case>
            <test-case id="1085" name="BuildRestoresIncompleteSessionFromRuntimeSnapshot" fullname="AttackOnRasshiine.Editor.DevLogPresenterEditModeTests.BuildRestoresIncompleteSessionFromRuntimeSnapshot" methodname="BuildRestoresIncompleteSessionFromRuntimeSnapshot" classname="AttackOnRasshiine.Editor.DevLogPresenterEditModeTests" runstate="Runnable" seed="1246780683" result="Passed" start-time="2026-07-13 16:36:17Z" end-time="2026-07-13 16:36:17Z" duration="0.001501" asserts="0">
              <properties>
                <property name="retryIteration" value="0" />
                <property name="repeatIteration" value="0" />
              </properties>
            </test-case>
            <test-case id="1084" name="BuildReturnsScopedReadableSessionHistory" fullname="AttackOnRasshiine.Editor.DevLogPresenterEditModeTests.BuildReturnsScopedReadableSessionHistory" methodname="BuildReturnsScopedReadableSessionHistory" classname="AttackOnRasshiine.Editor.DevLogPresenterEditModeTests" runstate="Runnable" seed="424981290" result="Passed" start-time="2026-07-13 16:36:17Z" end-time="2026-07-13 16:36:17Z" duration="0.001435" asserts="0">
              <properties>
                <property name="retryIteration" value="0" />
                <property name="repeatIteration" value="0" />
              </properties>
            </test-case>
            <test-case id="1083" name="BuildSurfacesApprovalCorrectionAndRejectionNotifications" fullname="AttackOnRasshiine.Editor.DevLogPresenterEditModeTests.BuildSurfacesApprovalCorrectionAndRejectionNotifications" methodname="BuildSurfacesApprovalCorrectionAndRejectionNotifications" classname="AttackOnRasshiine.Editor.DevLogPresenterEditModeTests" runstate="Runnable" seed="327560302" result="Passed" start-time="2026-07-13 16:36:17Z" end-time="2026-07-13 16:36:17Z" duration="0.000844" asserts="0">
              <properties>
                <property name="retryIteration" value="0" />
                <property name="repeatIteration" value="0" />
              </properties>
            </test-case>
            <test-case id="1079" name="CompleteSessionTrimsValidatedReflectionAndNextTask" fullname="AttackOnRasshiine.Editor.DevLogPresenterEditModeTests.CompleteSessionTrimsValidatedReflectionAndNextTask" methodname="CompleteSessionTrimsValidatedReflectionAndNextTask" classname="AttackOnRasshiine.Editor.DevLogPresenterEditModeTests" runstate="Runnable" seed="1437093384" result="Passed" start-time="2026-07-13 16:36:17Z" end-time="2026-07-13 16:36:17Z" duration="0.000217" asserts="0">
              <properties>
                <property name="retryIteration" value="0" />
                <property name="repeatIteration" value="0" />
              </properties>
            </test-case>
            <test-case id="1080" name="SessionViewDistinguishesTentativeAndFormalGrowth" fullname="AttackOnRasshiine.Editor.DevLogPresenterEditModeTests.SessionViewDistinguishesTentativeAndFormalGrowth" methodname="SessionViewDistinguishesTentativeAndFormalGrowth" classname="AttackOnRasshiine.Editor.DevLogPresenterEditModeTests" runstate="Runnable" seed="618317952" result="Passed" start-time="2026-07-13 16:36:17Z" end-time="2026-07-13 16:36:17Z" duration="0.000186" asserts="0">
              <properties>
                <property name="retryIteration" value="0" />
                <property name="repeatIteration" value="0" />
              </properties>
            </test-case>
            <test-case id="1082" name="SessionViewHidesRankAndFeedbackFromOtherMembers" fullname="AttackOnRasshiine.Editor.DevLogPresenterEditModeTests.SessionViewHidesRankAndFeedbackFromOtherMembers" methodname="SessionViewHidesRankAndFeedbackFromOtherMembers" classname="AttackOnRasshiine.Editor.DevLogPresenterEditModeTests" runstate="Runnable" seed="352875081" result="Passed" start-time="2026-07-13 16:36:17Z" end-time="2026-07-13 16:36:17Z" duration="0.000230" asserts="0">
              <properties>
                <property name="retryIteration" value="0" />
                <property name="repeatIteration" value="0" />
              </properties>
            </test-case>
            <test-case id="1081" name="SessionViewShowsRankAndFeedbackToOwnerAndMentor" fullname="AttackOnRasshiine.Editor.DevLogPresenterEditModeTests.SessionViewShowsRankAndFeedbackToOwnerAndMentor" methodname="SessionViewShowsRankAndFeedbackToOwnerAndMentor" classname="AttackOnRasshiine.Editor.DevLogPresenterEditModeTests" runstate="Runnable" seed="854911777" result="Passed" start-time="2026-07-13 16:36:17Z" end-time="2026-07-13 16:36:17Z" duration="0.000200" asserts="0">
              <properties>
                <property name="retryIteration" value="0" />
                <property name="repeatIteration" value="0" />
              </properties>
            </test-case>
            <test-case id="1077" name="StartSessionStoresGoalAndPreventsDuplicateInProgressSessions" fullname="AttackOnRasshiine.Editor.DevLogPresenterEditModeTests.StartSessionStoresGoalAndPreventsDuplicateInProgressSessions" methodname="StartSessionStoresGoalAndPreventsDuplicateInProgressSessions" classname="AttackOnRasshiine.Editor.DevLogPresenterEditModeTests" runstate="Runnable" seed="906841286" result="Passed" start-time="2026-07-13 16:36:17Z" end-time="2026-07-13 16:36:17Z" duration="0.000242" asserts="0">
              <properties>
                <property name="retryIteration" value="0" />
                <property name="repeatIteration" value="0" />
              </properties>
            </test-case>
            <test-case id="1078" name="ValidateCompletionRequiresReflectionAndNextTask" fullname="AttackOnRasshiine.Editor.DevLogPresenterEditModeTests.ValidateCompletionRequiresReflectionAndNextTask" methodname="ValidateCompletionRequiresReflectionAndNextTask" classname="AttackOnRasshiine.Editor.DevLogPresenterEditModeTests" runstate="Runnable" seed="1865346877" result="Passed" start-time="2026-07-13 16:36:17Z" end-time="2026-07-13 16:36:17Z" duration="0.000168" asserts="0">
              <properties>
                <property name="retryIteration" value="0" />
                <property name="repeatIteration" value="0" />
              </properties>
            </test-case>
          </test-suite>
          <test-suite type="TestFixture" id="1086" name="DevSessionCompletionEditModeTests" fullname="AttackOnRasshiine.Editor.DevSessionCompletionEditModeTests" classname="AttackOnRasshiine.Editor.DevSessionCompletionEditModeTests" runstate="Runnable" testcasecount="2" result="Passed" start-time="2026-07-13 16:36:17Z" end-time="2026-07-13 16:36:17Z" duration="0.003536" total="2" passed="2" failed="0" inconclusive="0" skipped="0" asserts="0">
            <properties />
            <test-case id="1087" name="CompleteSessionStoresDurationAndMovesToReviewQueue" fullname="AttackOnRasshiine.Editor.DevSessionCompletionEditModeTests.CompleteSessionStoresDurationAndMovesToReviewQueue" methodname="CompleteSessionStoresDurationAndMovesToReviewQueue" classname="AttackOnRasshiine.Editor.DevSessionCompletionEditModeTests" runstate="Runnable" seed="1769645688" result="Passed" start-time="2026-07-13 16:36:17Z" end-time="2026-07-13 16:36:17Z" duration="0.000626" asserts="0">
              <properties>
                <property name="retryIteration" value="0" />
                <property name="repeatIteration" value="0" />
              </properties>
            </test-case>
            <test-case id="1088" name="CompleteSessionWithAiFailureStoresInputAndMovesToAiPending" fullname="AttackOnRasshiine.Editor.DevSessionCompletionEditModeTests.CompleteSessionWithAiFailureStoresInputAndMovesToAiPending" methodname="CompleteSessionWithAiFailureStoresInputAndMovesToAiPending" classname="AttackOnRasshiine.Editor.DevSessionCompletionEditModeTests" runstate="Runnable" seed="602900662" result="Passed" start-time="2026-07-13 16:36:17Z" end-time="2026-07-13 16:36:17Z" duration="0.000532" asserts="0">
              <properties>
                <property name="retryIteration" value="0" />
                <property name="repeatIteration" value="0" />
              </properties>
            </test-case>
          </test-suite>
          <test-suite type="TestFixture" id="1105" name="FantasyAtmosphereDirectorEditModeTests" fullname="AttackOnRasshiine.Editor.FantasyAtmosphereDirectorEditModeTests" classname="AttackOnRasshiine.Editor.FantasyAtmosphereDirectorEditModeTests" runstate="Runnable" testcasecount="25" result="Passed" start-time="2026-07-13 16:36:17Z" end-time="2026-07-13 16:36:17Z" duration="0.289506" total="25" passed="25" failed="0" inconclusive="0" skipped="0" asserts="0">
            <properties />
            <test-case id="1110" name="AnimatedSkyboxClonesCustomSourceWithoutDroppingPanoramaTexture" fullname="AttackOnRasshiine.Editor.FantasyAtmosphereDirectorEditModeTests.AnimatedSkyboxClonesCustomSourceWithoutDroppingPanoramaTexture" methodname="AnimatedSkyboxClonesCustomSourceWithoutDroppingPanoramaTexture" classname="AttackOnRasshiine.Editor.FantasyAtmosphereDirectorEditModeTests" runstate="Runnable" seed="196236512" result="Passed" start-time="2026-07-13 16:36:17Z" end-time="2026-07-13 16:36:17Z" duration="0.004811" asserts="0">
              <properties>
                <property name="retryIteration" value="0" />
                <property name="repeatIteration" value="0" />
              </properties>
            </test-case>
            <test-case id="1112" name="AnimatedSkyKeepsSunInAnUnobscuredUpperLeftComposition" fullname="AttackOnRasshiine.Editor.FantasyAtmosphereDirectorEditModeTests.AnimatedSkyKeepsSunInAnUnobscuredUpperLeftComposition" methodname="AnimatedSkyKeepsSunInAnUnobscuredUpperLeftComposition" classname="AttackOnRasshiine.Editor.FantasyAtmosphereDirectorEditModeTests" runstate="Runnable" seed="103015444" result="Passed" start-time="2026-07-13 16:36:17Z" end-time="2026-07-13 16:36:17Z" duration="0.000951" asserts="0">
              <properties>
                <property name="retryIteration" value="0" />
                <property name="repeatIteration" value="0" />
              </properties>
            </test-case>
            <test-case id="1128" name="BattleArenaAndBackdropUseBoundedLowPolyMaterials" fullname="AttackOnRasshiine.Editor.FantasyAtmosphereDirectorEditModeTests.BattleArenaAndBackdropUseBoundedLowPolyMaterials" methodname="BattleArenaAndBackdropUseBoundedLowPolyMaterials" classname="AttackOnRasshiine.Editor.FantasyAtmosphereDirectorEditModeTests" runstate="Runnable" seed="1085802590" result="Passed" start-time="2026-07-13 16:36:17Z" end-time="2026-07-13 16:36:17Z" duration="0.002565" asserts="0">
              <properties>
                <property name="retryIteration" value="0" />
                <property name="repeatIteration" value="0" />
              </properties>
            </test-case>
            <test-case id="1129" name="BattlePeaksUseHazeReadableMountainMaterialInsteadOfGrassSilhouettes" fullname="AttackOnRasshiine.Editor.FantasyAtmosphereDirectorEditModeTests.BattlePeaksUseHazeReadableMountainMaterialInsteadOfGrassSilhouettes" methodname="BattlePeaksUseHazeReadableMountainMaterialInsteadOfGrassSilhouettes" classname="AttackOnRasshiine.Editor.FantasyAtmosphereDirectorEditModeTests" runstate="Runnable" seed="920108134" result="Passed" start-time="2026-07-13 16:36:17Z" end-time="2026-07-13 16:36:17Z" duration="0.000554" asserts="0">
              <properties>
                <property name="retryIteration" value="0" />
                <property name="repeatIteration" value="0" />
              </properties>
            </test-case>
            <test-case id="1117" name="BattleSkyboxUsesBoundedProceduralDaylightAndRestoresExplorationPalette" fullname="AttackOnRasshiine.Editor.FantasyAtmosphereDirectorEditModeTests.BattleSkyboxUsesBoundedProceduralDaylightAndRestoresExplorationPalette" methodname="BattleSkyboxUsesBoundedProceduralDaylightAndRestoresExplorationPalette" classname="AttackOnRasshiine.Editor.FantasyAtmosphereDirectorEditModeTests" runstate="Runnable" seed="601313380" result="Passed" start-time="2026-07-13 16:36:17Z" end-time="2026-07-13 16:36:17Z" duration="0.008832" asserts="0">
              <properties>
                <property name="retryIteration" value="0" />
                <property name="repeatIteration" value="0" />
              </properties>
            </test-case>
            <test-case id="1118" name="BattleUsesSkyboxWithoutCameraLocalPanoramaPlate" fullname="AttackOnRasshiine.Editor.FantasyAtmosphereDirectorEditModeTests.BattleUsesSkyboxWithoutCameraLocalPanoramaPlate" methodname="BattleUsesSkyboxWithoutCameraLocalPanoramaPlate" classname="AttackOnRasshiine.Editor.FantasyAtmosphereDirectorEditModeTests" runstate="Runnable" seed="302221091" result="Passed" start-time="2026-07-13 16:36:17Z" end-time="2026-07-13 16:36:17Z" duration="0.000401" asserts="0">
              <properties>
                <property name="retryIteration" value="0" />
                <property name="repeatIteration" value="0" />
              </properties>
            </test-case>
            <test-case id="1123" name="DedicatedBattlePresetSkipsHdrVolumeAllocation" fullname="AttackOnRasshiine.Editor.FantasyAtmosphereDirectorEditModeTests.DedicatedBattlePresetSkipsHdrVolumeAllocation" methodname="DedicatedBattlePresetSkipsHdrVolumeAllocation" classname="AttackOnRasshiine.Editor.FantasyAtmosphereDirectorEditModeTests" runstate="Runnable" seed="119306533" result="Passed" start-time="2026-07-13 16:36:17Z" end-time="2026-07-13 16:36:17Z" duration="0.000283" asserts="0">
              <properties>
                <property name="retryIteration" value="0" />
                <property name="repeatIteration" value="0" />
              </properties>
            </test-case>
            <test-case id="1116" name="HomeAndBattlePresetsKeepIndependentAtmosphereValues" fullname="AttackOnRasshiine.Editor.FantasyAtmosphereDirectorEditModeTests.HomeAndBattlePresetsKeepIndependentAtmosphereValues" methodname="HomeAndBattlePresetsKeepIndependentAtmosphereValues" classname="AttackOnRasshiine.Editor.FantasyAtmosphereDirectorEditModeTests" runstate="Runnable" seed="1791457140" result="Passed" start-time="2026-07-13 16:36:17Z" end-time="2026-07-13 16:36:17Z" duration="0.001231" asserts="0">
              <properties>
                <property name="retryIteration" value="0" />
                <property name="repeatIteration" value="0" />
              </properties>
            </test-case>
            <test-case id="1113" name="HomePresetBuildsAWebGlSafeFilmicStack" fullname="AttackOnRasshiine.Editor.FantasyAtmosphereDirectorEditModeTests.HomePresetBuildsAWebGlSafeFilmicStack" methodname="HomePresetBuildsAWebGlSafeFilmicStack" classname="AttackOnRasshiine.Editor.FantasyAtmosphereDirectorEditModeTests" runstate="Runnable" seed="104823831" result="Passed" start-time="2026-07-13 16:36:17Z" end-time="2026-07-13 16:36:17Z" duration="0.002148" asserts="0">
              <properties>
                <property name="retryIteration" value="0" />
                <property name="repeatIteration" value="0" />
              </properties>
            </test-case>
            <test-case id="1122" name="LoginBattleHomeTransitionRestoresAuthoredAccentLightStates" fullname="AttackOnRasshiine.Editor.FantasyAtmosphereDirectorEditModeTests.LoginBattleHomeTransitionRestoresAuthoredAccentLightStates" methodname="LoginBattleHomeTransitionRestoresAuthoredAccentLightStates" classname="AttackOnRasshiine.Editor.FantasyAtmosphereDirectorEditModeTests" runstate="Runnable" seed="526148531" result="Passed" start-time="2026-07-13 16:36:17Z" end-time="2026-07-13 16:36:17Z" duration="0.002161" asserts="0">
              <properties>
                <property name="retryIteration" value="0" />
                <property name="repeatIteration" value="0" />
              </properties>
            </test-case>
            <test-case id="1108" name="LoginPanoramaImporterStaysWithinTheWebGlTextureBudget" fullname="AttackOnRasshiine.Editor.FantasyAtmosphereDirectorEditModeTests.LoginPanoramaImporterStaysWithinTheWebGlTextureBudget" methodname="LoginPanoramaImporterStaysWithinTheWebGlTextureBudget" classname="AttackOnRasshiine.Editor.FantasyAtmosphereDirectorEditModeTests" runstate="Runnable" seed="768498429" result="Passed" start-time="2026-07-13 16:36:17Z" end-time="2026-07-13 16:36:17Z" duration="0.088470" asserts="0">
              <properties>
                <property name="retryIteration" value="0" />
                <property name="repeatIteration" value="0" />
              </properties>
            </test-case>
            <test-case id="1114" name="LoginPresetKeepsBackFacetsReadableWithoutAddingAnotherShadowMap" fullname="AttackOnRasshiine.Editor.FantasyAtmosphereDirectorEditModeTests.LoginPresetKeepsBackFacetsReadableWithoutAddingAnotherShadowMap" methodname="LoginPresetKeepsBackFacetsReadableWithoutAddingAnotherShadowMap" classname="AttackOnRasshiine.Editor.FantasyAtmosphereDirectorEditModeTests" runstate="Runnable" seed="567581781" result="Passed" start-time="2026-07-13 16:36:17Z" end-time="2026-07-13 16:36:17Z" duration="0.001024" asserts="0">
              <properties>
                <property name="retryIteration" value="0" />
                <property name="repeatIteration" value="0" />
              </properties>
            </test-case>
            <test-case id="1115" name="LoginPresetUsesBrightCyanDistanceWithoutHeavyDepthEffects" fullname="AttackOnRasshiine.Editor.FantasyAtmosphereDirectorEditModeTests.LoginPresetUsesBrightCyanDistanceWithoutHeavyDepthEffects" methodname="LoginPresetUsesBrightCyanDistanceWithoutHeavyDepthEffects" classname="AttackOnRasshiine.Editor.FantasyAtmosphereDirectorEditModeTests" runstate="Runnable" seed="1323380196" result="Passed" start-time="2026-07-13 16:36:17Z" end-time="2026-07-13 16:36:17Z" duration="0.001212" asserts="0">
              <properties>
                <property name="retryIteration" value="0" />
                <property name="repeatIteration" value="0" />
              </properties>
            </test-case>
            <test-case id="1119" name="ParticipantMaterialClonePreservesAtlasWithBoundedSimpleLighting" fullname="AttackOnRasshiine.Editor.FantasyAtmosphereDirectorEditModeTests.ParticipantMaterialClonePreservesAtlasWithBoundedSimpleLighting" methodname="ParticipantMaterialClonePreservesAtlasWithBoundedSimpleLighting" classname="AttackOnRasshiine.Editor.FantasyAtmosphereDirectorEditModeTests" runstate="Runnable" seed="902784270" result="Passed" start-time="2026-07-13 16:36:17Z" end-time="2026-07-13 16:36:17Z" duration="0.004089" asserts="0">
              <properties>
                <property name="retryIteration" value="0" />
                <property name="repeatIteration" value="0" />
              </properties>
            </test-case>
            <test-case id="1120" name="ParticipantNormalizationClearsRendererPropertyOverrides" fullname="AttackOnRasshiine.Editor.FantasyAtmosphereDirectorEditModeTests.ParticipantNormalizationClearsRendererPropertyOverrides" methodname="ParticipantNormalizationClearsRendererPropertyOverrides" classname="AttackOnRasshiine.Editor.FantasyAtmosphereDirectorEditModeTests" runstate="Runnable" seed="245117696" result="Passed" start-time="2026-07-13 16:36:17Z" end-time="2026-07-13 16:36:17Z" duration="0.001750" asserts="0">
              <properties>
                <property name="retryIteration" value="0" />
                <property name="repeatIteration" value="0" />
              </properties>
            </test-case>
            <test-case id="1121" name="RuntimeBossUsesTextureFreeLowPolyMaterialWithWarmAndCoolFacetSeparation" fullname="AttackOnRasshiine.Editor.FantasyAtmosphereDirectorEditModeTests.RuntimeBossUsesTextureFreeLowPolyMaterialWithWarmAndCoolFacetSeparation" methodname="RuntimeBossUsesTextureFreeLowPolyMaterialWithWarmAndCoolFacetSeparation" classname="AttackOnRasshiine.Editor.FantasyAtmosphereDirectorEditModeTests" runstate="Runnable" seed="1208082906" result="Passed" start-time="2026-07-13 16:36:17Z" end-time="2026-07-13 16:36:17Z" duration="0.017345" asserts="0">
              <properties>
                <property name="retryIteration" value="0" />
                <property name="repeatIteration" value="0" />
              </properties>
            </test-case>
            <test-case id="1109" name="SceneBuilderBindsGeneratedPanoramaToTheCustomSkyMaterial" fullname="AttackOnRasshiine.Editor.FantasyAtmosphereDirectorEditModeTests.SceneBuilderBindsGeneratedPanoramaToTheCustomSkyMaterial" methodname="SceneBuilderBindsGeneratedPanoramaToTheCustomSkyMaterial" classname="AttackOnRasshiine.Editor.FantasyAtmosphereDirectorEditModeTests" runstate="Runnable" seed="998672619" result="Passed" start-time="2026-07-13 16:36:17Z" end-time="2026-07-13 16:36:17Z" duration="0.114313" asserts="0">
              <properties>
                <property name="retryIteration" value="0" />
                <property name="repeatIteration" value="0" />
              </properties>
              <output><![CDATA[Main Object Name 'M_Rasshiine_ClearFantasySky' does not match filename 'M_CyberRaid_AnimatedProceduralSkybox'
]]></output>
            </test-case>
            <test-case id="1106" name="StylizedFantasySkyboxShaderIsAvailableAsAResource" fullname="AttackOnRasshiine.Editor.FantasyAtmosphereDirectorEditModeTests.StylizedFantasySkyboxShaderIsAvailableAsAResource" methodname="StylizedFantasySkyboxShaderIsAvailableAsAResource" classname="AttackOnRasshiine.Editor.FantasyAtmosphereDirectorEditModeTests" runstate="Runnable" seed="1094791743" result="Passed" start-time="2026-07-13 16:36:17Z" end-time="2026-07-13 16:36:17Z" duration="0.016540" asserts="0">
              <properties>
                <property name="retryIteration" value="0" />
                <property name="repeatIteration" value="0" />
              </properties>
            </test-case>
            <test-case id="1111" name="StylizedSkyPaletteKeepsBlueDepthAndWarmHorizonWithoutTextures" fullname="AttackOnRasshiine.Editor.FantasyAtmosphereDirectorEditModeTests.StylizedSkyPaletteKeepsBlueDepthAndWarmHorizonWithoutTextures" methodname="StylizedSkyPaletteKeepsBlueDepthAndWarmHorizonWithoutTextures" classname="AttackOnRasshiine.Editor.FantasyAtmosphereDirectorEditModeTests" runstate="Runnable" seed="963546595" result="Passed" start-time="2026-07-13 16:36:17Z" end-time="2026-07-13 16:36:17Z" duration="0.000591" asserts="0">
              <properties>
                <property name="retryIteration" value="0" />
                <property name="repeatIteration" value="0" />
              </properties>
            </test-case>
            <test-case id="1107" name="StylizedSkyUsesOnePanoramaSampleAndProceduralFallbackOnShaderModelTwo" fullname="AttackOnRasshiine.Editor.FantasyAtmosphereDirectorEditModeTests.StylizedSkyUsesOnePanoramaSampleAndProceduralFallbackOnShaderModelTwo" methodname="StylizedSkyUsesOnePanoramaSampleAndProceduralFallbackOnShaderModelTwo" classname="AttackOnRasshiine.Editor.FantasyAtmosphereDirectorEditModeTests" runstate="Runnable" seed="453564308" result="Passed" start-time="2026-07-13 16:36:17Z" end-time="2026-07-13 16:36:17Z" duration="0.002468" asserts="0">
              <properties>
                <property name="retryIteration" value="0" />
                <property name="repeatIteration" value="0" />
              </properties>
            </test-case>
[...]
              <properties>
                <property name="retryIteration" value="0" />
                <property name="repeatIteration" value="0" />
              </properties>
            </test-case>
            <test-case id="1338" name="HomeBackdrop_UsesAuthoredCameraAndKeepsHeroWaypointInFrame" fullname="AttackOnRasshiine.Editor.WaypointTerraceAssetEditModeTests.HomeBackdrop_UsesAuthoredCameraAndKeepsHeroWaypointInFrame" methodname="HomeBackdrop_UsesAuthoredCameraAndKeepsHeroWaypointInFrame" classname="AttackOnRasshiine.Editor.WaypointTerraceAssetEditModeTests" runstate="Runnable" seed="337785713" result="Passed" start-time="2026-07-13 16:36:21Z" end-time="2026-07-13 16:36:22Z" duration="0.099467" asserts="0">
              <properties>
                <property name="retryIteration" value="0" />
                <property name="repeatIteration" value="0" />
              </properties>
            </test-case>
            <test-case id="1339" name="ProductionScene_WiresBlenderEnvironmentAndTinyHero" fullname="AttackOnRasshiine.Editor.WaypointTerraceAssetEditModeTests.ProductionScene_WiresBlenderEnvironmentAndTinyHero" methodname="ProductionScene_WiresBlenderEnvironmentAndTinyHero" classname="AttackOnRasshiine.Editor.WaypointTerraceAssetEditModeTests" runstate="Runnable" seed="255451224" result="Passed" start-time="2026-07-13 16:36:22Z" end-time="2026-07-13 16:36:26Z" duration="4.000225" asserts="0">
              <properties>
                <property name="retryIteration" value="0" />
                <property name="repeatIteration" value="0" />
              </properties>
              <output><![CDATA[Main Object Name 'M_Rasshiine_ClearFantasySky' does not match filename 'M_CyberRaid_AnimatedProceduralSkybox'
Built AttackOnRasshiine prototype scene at Assets/Scenes/RasshiineRaidPrototype.unity
Built AttackOnRasshiine production scene set
]]></output>
            </test-case>
          </test-suite>
          <test-suite type="TestFixture" id="1340" name="WaypointTerraceUiEditModeTests" fullname="AttackOnRasshiine.Editor.WaypointTerraceUiEditModeTests" classname="AttackOnRasshiine.Editor.WaypointTerraceUiEditModeTests" runstate="Runnable" testcasecount="9" result="Passed" start-time="2026-07-13 16:36:26Z" end-time="2026-07-13 16:36:26Z" duration="0.177932" total="9" passed="9" failed="0" inconclusive="0" skipped="0" asserts="0">
            <properties />
            <test-case id="1341" name="CanvasUsesApprovedReferenceResolution" fullname="AttackOnRasshiine.Editor.WaypointTerraceUiEditModeTests.CanvasUsesApprovedReferenceResolution" methodname="CanvasUsesApprovedReferenceResolution" classname="AttackOnRasshiine.Editor.WaypointTerraceUiEditModeTests" runstate="Runnable" seed="433561902" result="Passed" start-time="2026-07-13 16:36:26Z" end-time="2026-07-13 16:36:26Z" duration="0.029971" asserts="0">
              <properties>
                <property name="retryIteration" value="0" />
                <property name="repeatIteration" value="0" />
              </properties>
            </test-case>
            <test-case id="1342" name="GeneratedWaypointAssetsAndFontsAreImportedForUi" fullname="AttackOnRasshiine.Editor.WaypointTerraceUiEditModeTests.GeneratedWaypointAssetsAndFontsAreImportedForUi" methodname="GeneratedWaypointAssetsAndFontsAreImportedForUi" classname="AttackOnRasshiine.Editor.WaypointTerraceUiEditModeTests" runstate="Runnable" seed="1619520085" result="Passed" start-time="2026-07-13 16:36:26Z" end-time="2026-07-13 16:36:26Z" duration="0.000738" asserts="0">
              <properties>
                <property name="retryIteration" value="0" />
                <property name="repeatIteration" value="0" />
              </properties>
            </test-case>
            <test-case id="1345" name="HomeStatusAndRaidCopyStayInsideMaskedArtworkSafeAreas" fullname="AttackOnRasshiine.Editor.WaypointTerraceUiEditModeTests.HomeStatusAndRaidCopyStayInsideMaskedArtworkSafeAreas" methodname="HomeStatusAndRaidCopyStayInsideMaskedArtworkSafeAreas" classname="AttackOnRasshiine.Editor.WaypointTerraceUiEditModeTests" runstate="Runnable" seed="643341664" result="Passed" start-time="2026-07-13 16:36:26Z" end-time="2026-07-13 16:36:26Z" duration="0.013866" asserts="0">
              <properties>
                <property name="retryIteration" value="0" />
                <property name="repeatIteration" value="0" />
              </properties>
            </test-case>
            <test-case id="1344" name="MemberHomeMatchesReferenceAnchorsAndUsesGeneratedAssets" fullname="AttackOnRasshiine.Editor.WaypointTerraceUiEditModeTests.MemberHomeMatchesReferenceAnchorsAndUsesGeneratedAssets" methodname="MemberHomeMatchesReferenceAnchorsAndUsesGeneratedAssets" classname="AttackOnRasshiine.Editor.WaypointTerraceUiEditModeTests" runstate="Runnable" seed="425189250" result="Passed" start-time="2026-07-13 16:36:26Z" end-time="2026-07-13 16:36:26Z" duration="0.005966" asserts="0">
              <properties>
                <property name="retryIteration" value="0" />
                <property name="repeatIteration" value="0" />
              </properties>
            </test-case>
            <test-case id="1343" name="MemberHomeSceneSerializesWaypointThemeAssignments" fullname="AttackOnRasshiine.Editor.WaypointTerraceUiEditModeTests.MemberHomeSceneSerializesWaypointThemeAssignments" methodname="MemberHomeSceneSerializesWaypointThemeAssignments" classname="AttackOnRasshiine.Editor.WaypointTerraceUiEditModeTests" runstate="Runnable" seed="222620746" result="Passed" start-time="2026-07-13 16:36:26Z" end-time="2026-07-13 16:36:26Z" duration="0.013210" asserts="0">
              <properties>
                <property name="retryIteration" value="0" />
                <property name="repeatIteration" value="0" />
              </properties>
            </test-case>
            <test-case id="1346" name="SecondaryMemberWorkflowUsesOneFocusedPanel" fullname="AttackOnRasshiine.Editor.WaypointTerraceUiEditModeTests.SecondaryMemberWorkflowUsesOneFocusedPanel" methodname="SecondaryMemberWorkflowUsesOneFocusedPanel" classname="AttackOnRasshiine.Editor.WaypointTerraceUiEditModeTests" runstate="Runnable" seed="1898746450" result="Passed" start-time="2026-07-13 16:36:26Z" end-time="2026-07-13 16:36:26Z" duration="0.008211" asserts="0">
              <properties>
                <property name="retryIteration" value="0" />
                <property name="repeatIteration" value="0" />
              </properties>
            </test-case>
            <test-case id="1348" name="TeamRoutesToFocusedWardrobeAndWeaponWishScreens" fullname="AttackOnRasshiine.Editor.WaypointTerraceUiEditModeTests.TeamRoutesToFocusedWardrobeAndWeaponWishScreens" methodname="TeamRoutesToFocusedWardrobeAndWeaponWishScreens" classname="AttackOnRasshiine.Editor.WaypointTerraceUiEditModeTests" runstate="Runnable" seed="1299792622" result="Passed" start-time="2026-07-13 16:36:26Z" end-time="2026-07-13 16:36:26Z" duration="0.059526" asserts="0">
              <properties>
                <property name="retryIteration" value="0" />
                <property name="repeatIteration" value="0" />
              </properties>
            </test-case>
            <test-case id="1347" name="TeamScreenUsesCompactWaypointHeaderAndReadableType" fullname="AttackOnRasshiine.Editor.WaypointTerraceUiEditModeTests.TeamScreenUsesCompactWaypointHeaderAndReadableType" methodname="TeamScreenUsesCompactWaypointHeaderAndReadableType" classname="AttackOnRasshiine.Editor.WaypointTerraceUiEditModeTests" runstate="Runnable" seed="1658500663" result="Passed" start-time="2026-07-13 16:36:26Z" end-time="2026-07-13 16:36:26Z" duration="0.007426" asserts="0">
              <properties>
                <property name="retryIteration" value="0" />
                <property name="repeatIteration" value="0" />
              </properties>
            </test-case>
            <test-case id="1349" name="UserFacingScreensHideInfrastructureAndDeveloperCopy" fullname="AttackOnRasshiine.Editor.WaypointTerraceUiEditModeTests.UserFacingScreensHideInfrastructureAndDeveloperCopy" methodname="UserFacingScreensHideInfrastructureAndDeveloperCopy" classname="AttackOnRasshiine.Editor.WaypointTerraceUiEditModeTests" runstate="Runnable" seed="376847737" result="Passed" start-time="2026-07-13 16:36:26Z" end-time="2026-07-13 16:36:26Z" duration="0.015118" asserts="0">
              <properties>
                <property name="retryIteration" value="0" />
                <property name="repeatIteration" value="0" />
              </properties>
            </test-case>
          </test-suite>
          <test-suite type="TestFixture" id="1350" name="WeaponUnlockEditModeTests" fullname="AttackOnRasshiine.Editor.WeaponUnlockEditModeTests" classname="AttackOnRasshiine.Editor.WeaponUnlockEditModeTests" runstate="Runnable" testcasecount="5" result="Passed" start-time="2026-07-13 16:36:26Z" end-time="2026-07-13 16:36:26Z" duration="0.007026" total="5" passed="5" failed="0" inconclusive="0" skipped="0" asserts="0">
            <properties />
            <test-case id="1352" name="ApprovedSessionGrowthUnlocksWeaponAndSkillAfterLevelUp" fullname="AttackOnRasshiine.Editor.WeaponUnlockEditModeTests.ApprovedSessionGrowthUnlocksWeaponAndSkillAfterLevelUp" methodname="ApprovedSessionGrowthUnlocksWeaponAndSkillAfterLevelUp" classname="AttackOnRasshiine.Editor.WeaponUnlockEditModeTests" runstate="Runnable" seed="512612732" result="Passed" start-time="2026-07-13 16:36:26Z" end-time="2026-07-13 16:36:26Z" duration="0.000627" asserts="0">
              <properties>
                <property name="retryIteration" value="0" />
                <property name="repeatIteration" value="0" />
              </properties>
            </test-case>
            <test-case id="1354" name="AvailableBattleWeaponsUseGrowthAndAchievementUnlocks" fullname="AttackOnRasshiine.Editor.WeaponUnlockEditModeTests.AvailableBattleWeaponsUseGrowthAndAchievementUnlocks" methodname="AvailableBattleWeaponsUseGrowthAndAchievementUnlocks" classname="AttackOnRasshiine.Editor.WeaponUnlockEditModeTests" runstate="Runnable" seed="1787375148" result="Passed" start-time="2026-07-13 16:36:26Z" end-time="2026-07-13 16:36:26Z" duration="0.000521" asserts="0">
              <properties>
                <property name="retryIteration" value="0" />
                <property name="repeatIteration" value="0" />
              </properties>
            </test-case>
            <test-case id="1351" name="GrowthLevelUnlocksWeaponsAndSkillsIntoStats" fullname="AttackOnRasshiine.Editor.WeaponUnlockEditModeTests.GrowthLevelUnlocksWeaponsAndSkillsIntoStats" methodname="GrowthLevelUnlocksWeaponsAndSkillsIntoStats" classname="AttackOnRasshiine.Editor.WeaponUnlockEditModeTests" runstate="Runnable" seed="1335159036" result="Passed" start-time="2026-07-13 16:36:26Z" end-time="2026-07-13 16:36:26Z" duration="0.000363" asserts="0">
              <properties>
                <property name="retryIteration" value="0" />
                <property name="repeatIteration" value="0" />
              </properties>
            </test-case>
            <test-case id="1355" name="LockedBattleWeaponOptionsAreUnavailableAndSubmitFallsBack" fullname="AttackOnRasshiine.Editor.WeaponUnlockEditModeTests.LockedBattleWeaponOptionsAreUnavailableAndSubmitFallsBack" methodname="LockedBattleWeaponOptionsAreUnavailableAndSubmitFallsBack" classname="AttackOnRasshiine.Editor.WeaponUnlockEditModeTests" runstate="Runnable" seed="1016283200" result="Passed" start-time="2026-07-13 16:36:26Z" end-time="2026-07-13 16:36:26Z" duration="0.000271" asserts="0">
              <properties>
                <property name="retryIteration" value="0" />
                <property name="repeatIteration" value="0" />
              </properties>
            </test-case>
            <test-case id="1353" name="SnapshotAppliesGrowthUnlocksForPersistedStats" fullname="AttackOnRasshiine.Editor.WeaponUnlockEditModeTests.SnapshotAppliesGrowthUnlocksForPersistedStats" methodname="SnapshotAppliesGrowthUnlocksForPersistedStats" classname="AttackOnRasshiine.Editor.WeaponUnlockEditModeTests" runstate="Runnable" seed="1593256690" result="Passed" start-time="2026-07-13 16:36:26Z" end-time="2026-07-13 16:36:26Z" duration="0.000352" asserts="0">
              <properties>
                <property name="retryIteration" value="0" />
                <property name="repeatIteration" value="0" />
              </properties>
            </test-case>
          </test-suite>
        </test-suite>
        <test-suite type="TestSuite" id="1358" name="EditorTests" fullname="AttackOnRasshiine.EditorTests" runstate="Runnable" testcasecount="7" result="Passed" start-time="2026-07-13 16:36:26Z" end-time="2026-07-13 16:36:26Z" duration="0.009763" total="7" passed="7" failed="0" inconclusive="0" skipped="0" asserts="0">
          <properties />
          <test-suite type="TestFixture" id="1001" name="LoginOption3AssetEditModeTests" fullname="AttackOnRasshiine.EditorTests.LoginOption3AssetEditModeTests" classname="AttackOnRasshiine.EditorTests.LoginOption3AssetEditModeTests" runstate="Runnable" testcasecount="7" result="Passed" start-time="2026-07-13 16:36:26Z" end-time="2026-07-13 16:36:26Z" duration="0.007676" total="7" passed="7" failed="0" inconclusive="0" skipped="0" asserts="0">
            <properties />
            <test-suite type="ParameterizedMethod" id="1008" name="GeneratedLoginChromeUsesAWebGlSafeSpriteBudget" fullname="AttackOnRasshiine.EditorTests.LoginOption3AssetEditModeTests.GeneratedLoginChromeUsesAWebGlSafeSpriteBudget" classname="AttackOnRasshiine.EditorTests.LoginOption3AssetEditModeTests" runstate="Runnable" testcasecount="6" result="Passed" start-time="2026-07-13 16:36:26Z" end-time="2026-07-13 16:36:26Z" duration="0.001410" total="6" passed="6" failed="0" inconclusive="0" skipped="0" asserts="0">
              <properties />
              <test-case id="1002" name="GeneratedLoginChromeUsesAWebGlSafeSpriteBudget(&quot;Assets/Art/UI/LoginOption3/login_panel_frame.png&quot;,True)" fullname="AttackOnRasshiine.EditorTests.LoginOption3AssetEditModeTests.GeneratedLoginChromeUsesAWebGlSafeSpriteBudget(&quot;Assets/Art/UI/LoginOption3/login_panel_frame.png&quot;,True)" methodname="GeneratedLoginChromeUsesAWebGlSafeSpriteBudget" classname="AttackOnRasshiine.EditorTests.LoginOption3AssetEditModeTests" runstate="Runnable" seed="1845535359" result="Passed" start-time="2026-07-13 16:36:26Z" end-time="2026-07-13 16:36:26Z" duration="0.000594" asserts="0">
                <properties>
                  <property name="retryIteration" value="0" />
                  <property name="repeatIteration" value="0" />
                </properties>
              </test-case>
              <test-case id="1003" name="GeneratedLoginChromeUsesAWebGlSafeSpriteBudget(&quot;Assets/Art/UI/LoginOption3/login_input_frame.png&quot;,True)" fullname="AttackOnRasshiine.EditorTests.LoginOption3AssetEditModeTests.GeneratedLoginChromeUsesAWebGlSafeSpriteBudget(&quot;Assets/Art/UI/LoginOption3/login_input_frame.png&quot;,True)" methodname="GeneratedLoginChromeUsesAWebGlSafeSpriteBudget" classname="AttackOnRasshiine.EditorTests.LoginOption3AssetEditModeTests" runstate="Runnable" seed="939561083" result="Passed" start-time="2026-07-13 16:36:26Z" end-time="2026-07-13 16:36:26Z" duration="0.000059" asserts="0">
                <properties>
                  <property name="retryIteration" value="0" />
                  <property name="repeatIteration" value="0" />
                </properties>
              </test-case>
              <test-case id="1004" name="GeneratedLoginChromeUsesAWebGlSafeSpriteBudget(&quot;Assets/Art/UI/LoginOption3/login_status_frame.png&quot;,True)" fullname="AttackOnRasshiine.EditorTests.LoginOption3AssetEditModeTests.GeneratedLoginChromeUsesAWebGlSafeSpriteBudget(&quot;Assets/Art/UI/LoginOption3/login_status_frame.png&quot;,True)" methodname="GeneratedLoginChromeUsesAWebGlSafeSpriteBudget" classname="AttackOnRasshiine.EditorTests.LoginOption3AssetEditModeTests" runstate="Runnable" seed="1771671264" result="Passed" start-time="2026-07-13 16:36:26Z" end-time="2026-07-13 16:36:26Z" duration="0.000050" asserts="0">
                <properties>
                  <property name="retryIteration" value="0" />
                  <property name="repeatIteration" value="0" />
                </properties>
              </test-case>
              <test-case id="1005" name="GeneratedLoginChromeUsesAWebGlSafeSpriteBudget(&quot;Assets/Art/UI/LoginOption3/login_divider.png&quot;,False)" fullname="AttackOnRasshiine.EditorTests.LoginOption3AssetEditModeTests.GeneratedLoginChromeUsesAWebGlSafeSpriteBudget(&quot;Assets/Art/UI/LoginOption3/login_divider.png&quot;,False)" methodname="GeneratedLoginChromeUsesAWebGlSafeSpriteBudget" classname="AttackOnRasshiine.EditorTests.LoginOption3AssetEditModeTests" runstate="Runnable" seed="1349250307" result="Passed" start-time="2026-07-13 16:36:26Z" end-time="2026-07-13 16:36:26Z" duration="0.000051" asserts="0">
                <properties>
                  <property name="retryIteration" value="0" />
                  <property name="repeatIteration" value="0" />
                </properties>
              </test-case>
              <test-case id="1006" name="GeneratedLoginChromeUsesAWebGlSafeSpriteBudget(&quot;Assets/Art/UI/LoginOption3/login_cta_button.png&quot;,True)" fullname="AttackOnRasshiine.EditorTests.LoginOption3AssetEditModeTests.GeneratedLoginChromeUsesAWebGlSafeSpriteBudget(&quot;Assets/Art/UI/LoginOption3/login_cta_button.png&quot;,True)" methodname="GeneratedLoginChromeUsesAWebGlSafeSpriteBudget" classname="AttackOnRasshiine.EditorTests.LoginOption3AssetEditModeTests" runstate="Runnable" seed="1160869417" result="Passed" start-time="2026-07-13 16:36:26Z" end-time="2026-07-13 16:36:26Z" duration="0.000052" asserts="0">
                <properties>
                  <property name="retryIteration" value="0" />
                  <property name="repeatIteration" value="0" />
                </properties>
              </test-case>
              <test-case id="1007" name="GeneratedLoginChromeUsesAWebGlSafeSpriteBudget(&quot;Assets/Art/UI/LoginOption3/login_sun_rays.png&quot;,False)" fullname="AttackOnRasshiine.EditorTests.LoginOption3AssetEditModeTests.GeneratedLoginChromeUsesAWebGlSafeSpriteBudget(&quot;Assets/Art/UI/LoginOption3/login_sun_rays.png&quot;,False)" methodname="GeneratedLoginChromeUsesAWebGlSafeSpriteBudget" classname="AttackOnRasshiine.EditorTests.LoginOption3AssetEditModeTests" runstate="Runnable" seed="601151327" result="Passed" start-time="2026-07-13 16:36:26Z" end-time="2026-07-13 16:36:26Z" duration="0.000046" asserts="0">
                <properties>
                  <property name="retryIteration" value="0" />
                  <property name="repeatIteration" value="0" />
                </properties>
              </test-case>
            </test-suite>
            <test-case id="1009" name="OptionThreeChromeContainsNoRuntimeTextOrBakedButtonTexture" fullname="AttackOnRasshiine.EditorTests.LoginOption3AssetEditModeTests.OptionThreeChromeContainsNoRuntimeTextOrBakedButtonTexture" methodname="OptionThreeChromeContainsNoRuntimeTextOrBakedButtonTexture" classname="AttackOnRasshiine.EditorTests.LoginOption3AssetEditModeTests" runstate="Runnable" seed="615111568" result="Passed" start-time="2026-07-13 16:36:26Z" end-time="2026-07-13 16:36:26Z" duration="0.005569" asserts="0">
              <properties>
                <property name="retryIteration" value="0" />
                <property name="repeatIteration" value="0" />
              </properties>
              <output><![CDATA[Saving results to: /Users/atsushi/Library/Application Support/AtsushiHosaka/AttackOnRasshiine/TestResults.xml
]]></output>
            </test-case>
          </test-suite>
        </test-suite>
      </test-suite>
    </test-suite>
  </test-suite>
</test-run>